#
# A fatal error has been detected by the Java Runtime Environment:
#
#  EXCEPTION_ACCESS_VIOLATION (0xc0000005) at pc=0x0000000060d00ae0, pid=16328, tid=0x00000000000009f4
#
# JRE version: Java(TM) SE Runtime Environment (8.0_251-b08) (build 1.8.0_251-b08)
# Java VM: Java HotSpot(TM) 64-Bit Server VM (25.251-b08 mixed mode windows-amd64 compressed oops)
# Problematic frame:
# V  [jvm.dll+0xb0ae0]
#
# Failed to write core dump. Minidumps are not enabled by default on client versions of Windows
#
# If you would like to submit a bug report, please visit:
#   http://bugreport.java.com/bugreport/crash.jsp
#

---------------  T H R E A D  ---------------

Current thread (0x0000000002f49000):  GCTaskThread [stack: 0x0000000013190000,0x0000000013290000] [id=2548]

siginfo: ExceptionCode=0xc0000005, reading address 0x0000000000000008

Registers:
RAX=0x0000000000000000, RBX=0x00000000dc81f470, RCX=0x00000000dc81f470, RDX=0x0000000000000000
RSP=0x000000001328f158, RBP=0x0000000000000000, RSI=0x0000000017f85c80, RDI=0x000000001cb5ccf0
R8 =0x0000000017f85c80, R9 =0x0000000000000081, R10=0x0000000000000005, R11=0x00000000e691c848
R12=0x00000000612b2148, R13=0x822df490dbbe9288, R14=0x0000000000000000, R15=0x0000000002f49850
RIP=0x0000000060d00ae0, EFLAGS=0x0000000000010246

Top of Stack: (sp=0x000000001328f158)
0x000000001328f158:   0000000061058bf2 00000000dc9f8650
0x000000001328f168:   000000000000000c 0000000017f85c80
0x000000001328f178:   00007fff28798b03 00000000e6917148
0x000000001328f188:   0000000000001000 000000009fb435f8
0x000000001328f198:   0000000000000400 0000000000000000
0x000000001328f1a8:   0000000002f45201 00000000612b2148
0x000000001328f1b8:   0000000061058f60 00000000e691c82c
0x000000001328f1c8:   0000000000000000 0000000017f85c80
0x000000001328f1d8:   000000001cb5ccf0 00000000e691c82c
0x000000001328f1e8:   0000000061059935 0000000000000005
0x000000001328f1f8:   00000000612b2148 00000000e6918168
0x000000001328f208:   0000000061058e71 00000000dc9fb588
0x000000001328f218:   000000000000000c 0000000017f85c80
0x000000001328f228:   0000bfc40000bff3 00000000e4050010
0x000000001328f238:   0000bfc40000bff4 0000bfc40000bff2
0x000000001328f248:   0000bfc40000bff3 0000000002f49840 

Instructions: (pc=0x0000000060d00ae0)
0x0000000060d00ac0:   cc e0 1d 00 48 8b 9c 24 d0 00 00 00 48 81 c4 c0
0x0000000060d00ad0:   00 00 00 5d c3 cc cc cc cc cc cc cc cc cc cc cc
0x0000000060d00ae0:   44 8b 42 08 4c 8b ca 45 85 c0 7e 0e 41 f6 c0 01
0x0000000060d00af0:   75 57 41 c1 f8 03 41 8b c0 c3 79 4d 80 3d ae b0 


Register to memory mapping:

RAX=0x0000000000000000 is an unknown value
RBX=0x00000000dc81f470 is an oop

[error occurred during error reporting (printing register info), id 0xc0000005]

Stack: [0x0000000013190000,0x0000000013290000],  sp=0x000000001328f158,  free space=1020k
Native frames: (J=compiled Java code, j=interpreted, Vv=VM code, C=native code)


---------------  P R O C E S S  ---------------

Java Threads: ( => current thread )
  0x000000001b71e800 JavaThread "Okio Watchdog" daemon [_thread_blocked, id=15848, stack(0x000000001fd60000,0x000000001fe60000)]
  0x000000001cad8800 JavaThread "OkHttp ConnectionPool" daemon [_thread_blocked, id=12396, stack(0x000000001fc60000,0x000000001fd60000)]
  0x000000001c989000 JavaThread "UrlChecker-2" daemon [_thread_blocked, id=11028, stack(0x000000001f760000,0x000000001f860000)]
  0x000000001bcea800 JavaThread "Exec Stream Pumper" daemon [_thread_in_native, id=11952, stack(0x000000001f660000,0x000000001f760000)]
  0x000000001b824800 JavaThread "Exec Stream Pumper" daemon [_thread_in_native, id=10020, stack(0x000000001f560000,0x000000001f660000)]
  0x000000001c184000 JavaThread "Exec Default Executor" daemon [_thread_in_native, id=10912, stack(0x000000001c760000,0x000000001c860000)]
  0x000000001ad7d800 JavaThread "ReaderThread" [_thread_in_native, id=7748, stack(0x000000001b490000,0x000000001b590000)]
  0x0000000019f3c800 JavaThread "Service Thread" daemon [_thread_blocked, id=13840, stack(0x000000001aa90000,0x000000001ab90000)]
  0x0000000019ec7000 JavaThread "C1 CompilerThread3" daemon [_thread_blocked, id=6092, stack(0x000000001a990000,0x000000001aa90000)]
  0x0000000019ebd800 JavaThread "C2 CompilerThread2" daemon [_thread_blocked, id=5240, stack(0x000000001a890000,0x000000001a990000)]
  0x0000000019eb6000 JavaThread "C2 CompilerThread1" daemon [_thread_blocked, id=7572, stack(0x000000001a790000,0x000000001a890000)]
  0x0000000019eb3000 JavaThread "C2 CompilerThread0" daemon [_thread_blocked, id=1984, stack(0x000000001a690000,0x000000001a790000)]
  0x0000000019ead000 JavaThread "Attach Listener" daemon [_thread_blocked, id=6500, stack(0x000000001a590000,0x000000001a690000)]
  0x0000000019eac000 JavaThread "Signal Dispatcher" daemon [_thread_blocked, id=3468, stack(0x000000001a490000,0x000000001a590000)]
  0x0000000019ea0800 JavaThread "Finalizer" daemon [_thread_blocked, id=17352, stack(0x000000001a280000,0x000000001a380000)]
  0x000000000301d800 JavaThread "Reference Handler" daemon [_thread_blocked, id=15604, stack(0x0000000019d80000,0x0000000019e80000)]
  0x0000000002f25800 JavaThread "main" [_thread_blocked, id=5464, stack(0x0000000002e20000,0x0000000002f20000)]

Other Threads:
  0x0000000017f89800 VMThread [stack: 0x0000000019c80000,0x0000000019d80000] [id=16244]
  0x0000000019fa3000 WatcherThread [stack: 0x000000001ab90000,0x000000001ac90000] [id=1952]

=>0x0000000002f49000 (exited) GCTaskThread [stack: 0x0000000013190000,0x0000000013290000] [id=2548]

VM state:at safepoint (normal execution)

VM Mutex/Monitor currently owned by a thread:  ([mutex/lock_event])
[0x0000000002f22ed0] Threads_lock - owner thread: 0x0000000017f89800
[0x0000000002f22a50] Heap_lock - owner thread: 0x0000000002f25800

heap address: 0x0000000081e00000, size: 2018 MB, Compressed Oops mode: 32-bit
Narrow klass base: 0x0000000000000000, Narrow klass shift: 3
Compressed class space size: 1073741824 Address: 0x0000000100000000

Heap:
 PSYoungGen      total 459264K, used 264648K [0x00000000d5f80000, 0x0000000100000000, 0x0000000100000000)
  eden space 229888K, 100% used [0x00000000d5f80000,0x00000000e4000000,0x00000000e4000000)
  from space 229376K, 15% used [0x00000000f2000000,0x00000000f41f2290,0x0000000100000000)
  to   space 229376K, 49% used [0x00000000e4000000,0x00000000eafff708,0x00000000f2000000)
 ParOldGen       total 815616K, used 489509K [0x0000000081e00000, 0x00000000b3a80000, 0x00000000d5f80000)
  object space 815616K, 60% used [0x0000000081e00000,0x000000009fc095f8,0x00000000b3a80000)
 Metaspace       used 25744K, capacity 26490K, committed 26752K, reserved 1073152K
  class space    used 3431K, capacity 3629K, committed 3712K, reserved 1048576K

Card table byte_map: [0x00000000123e0000,0x00000000127e0000] byte_map_base: 0x0000000011fd1000

Marking Bits: (ParMarkBitMap*) 0x000000006147af90
 Begin Bits: [0x0000000013290000, 0x0000000015218000)
 End Bits:   [0x0000000015218000, 0x00000000171a0000)

Polling page: 0x0000000002ca0000

CodeCache: size=245760Kb used=9209Kb max_used=9876Kb free=236551Kb
 bounds [0x0000000003020000, 0x0000000003a10000, 0x0000000012020000]
 total_blobs=3071 nmethods=2630 adapters=353
 compilation: enabled

Compilation events (10 events):
Event: 21.642 Thread 0x0000000019ec7000 nmethod 3395 0x0000000003772b90 code [0x0000000003772d40, 0x00000000037733a8]
Event: 21.683 Thread 0x0000000019eb3000 3397       4       java.util.ArrayList::remove (69 bytes)
Event: 21.685 Thread 0x0000000019ebd800 nmethod 3396 0x00000000037cefd0 code [0x00000000037cf240, 0x00000000037d0328]
Event: 21.687 Thread 0x0000000019eb3000 nmethod 3397 0x0000000003447510 code [0x0000000003447660, 0x00000000034477f8]
Event: 21.810 Thread 0x0000000019eb6000 3398       4       org.apache.xmlbeans.impl.store.CharUtil::getChars (120 bytes)
Event: 21.819 Thread 0x0000000019eb6000 nmethod 3398 0x000000000376e510 code [0x000000000376e6a0, 0x000000000376eb18]
Event: 21.948 Thread 0x0000000019ebd800 3399       4       java.lang.ref.ReferenceQueue::remove (6 bytes)
Event: 21.958 Thread 0x0000000019ebd800 nmethod 3399 0x0000000003772190 code [0x0000000003772300, 0x0000000003772890]
Event: 22.048 Thread 0x0000000019eb3000 3400       4       com.sun.org.apache.xerces.internal.parsers.XML11Configuration::getPropertyState (23 bytes)
Event: 22.110 Thread 0x0000000019eb3000 nmethod 3400 0x00000000037cab10 code [0x00000000037cacc0, 0x00000000037cbda8]

GC Heap History (10 events):
Event: 11.743 GC heap after
Heap after GC invocations=37 (full 6):
 PSYoungGen      total 459264K, used 166854K [0x00000000d5f80000, 0x0000000100000000, 0x0000000100000000)
  eden space 229888K, 0% used [0x00000000d5f80000,0x00000000d5f80000,0x00000000e4000000)
  from space 229376K, 72% used [0x00000000e4000000,0x00000000ee2f19a0,0x00000000f2000000)
  to   space 229376K, 0% used [0x00000000f2000000,0x00000000f2000000,0x0000000100000000)
 ParOldGen       total 736768K, used 637460K [0x0000000081e00000, 0x00000000aed80000, 0x00000000d5f80000)
  object space 736768K, 86% used [0x0000000081e00000,0x00000000a8c85210,0x00000000aed80000)
 Metaspace       used 17278K, capacity 17434K, committed 17792K, reserved 1064960K
  class space    used 2263K, capacity 2327K, committed 2432K, reserved 1048576K
}
Event: 11.743 GC heap before
{Heap before GC invocations=38 (full 7):
 PSYoungGen      total 459264K, used 166854K [0x00000000d5f80000, 0x0000000100000000, 0x0000000100000000)
  eden space 229888K, 0% used [0x00000000d5f80000,0x00000000d5f80000,0x00000000e4000000)
  from space 229376K, 72% used [0x00000000e4000000,0x00000000ee2f19a0,0x00000000f2000000)
  to   space 229376K, 0% used [0x00000000f2000000,0x00000000f2000000,0x0000000100000000)
 ParOldGen       total 736768K, used 637460K [0x0000000081e00000, 0x00000000aed80000, 0x00000000d5f80000)
  object space 736768K, 86% used [0x0000000081e00000,0x00000000a8c85210,0x00000000aed80000)
 Metaspace       used 17278K, capacity 17434K, committed 17792K, reserved 1064960K
  class space    used 2263K, capacity 2327K, committed 2432K, reserved 1048576K
Event: 12.152 GC heap after
Heap after GC invocations=38 (full 7):
 PSYoungGen      total 459264K, used 0K [0x00000000d5f80000, 0x0000000100000000, 0x0000000100000000)
  eden space 229888K, 0% used [0x00000000d5f80000,0x00000000d5f80000,0x00000000e4000000)
  from space 229376K, 0% used [0x00000000e4000000,0x00000000e4000000,0x00000000f2000000)
  to   space 229376K, 0% used [0x00000000f2000000,0x00000000f2000000,0x0000000100000000)
 ParOldGen       total 815616K, used 316636K [0x0000000081e00000, 0x00000000b3a80000, 0x00000000d5f80000)
  object space 815616K, 38% used [0x0000000081e00000,0x0000000095337210,0x00000000b3a80000)
 Metaspace       used 17278K, capacity 17434K, committed 17792K, reserved 1064960K
  class space    used 2263K, capacity 2327K, committed 2432K, reserved 1048576K
}
Event: 12.416 GC heap before
{Heap before GC invocations=39 (full 7):
 PSYoungGen      total 459264K, used 229888K [0x00000000d5f80000, 0x0000000100000000, 0x0000000100000000)
  eden space 229888K, 100% used [0x00000000d5f80000,0x00000000e4000000,0x00000000e4000000)
  from space 229376K, 0% used [0x00000000e4000000,0x00000000e4000000,0x00000000f2000000)
  to   space 229376K, 0% used [0x00000000f2000000,0x00000000f2000000,0x0000000100000000)
 ParOldGen       total 815616K, used 316636K [0x0000000081e00000, 0x00000000b3a80000, 0x00000000d5f80000)
  object space 815616K, 38% used [0x0000000081e00000,0x0000000095337210,0x00000000b3a80000)
 Metaspace       used 17278K, capacity 17434K, committed 17792K, reserved 1064960K
  class space    used 2263K, capacity 2327K, committed 2432K, reserved 1048576K
Event: 12.459 GC heap after
Heap after GC invocations=39 (full 7):
 PSYoungGen      total 459264K, used 64896K [0x00000000d5f80000, 0x0000000100000000, 0x0000000100000000)
  eden space 229888K, 0% used [0x00000000d5f80000,0x00000000d5f80000,0x00000000e4000000)
  from space 229376K, 28% used [0x00000000f2000000,0x00000000f5f60000,0x0000000100000000)
  to   space 229376K, 0% used [0x00000000e4000000,0x00000000e4000000,0x00000000f2000000)
 ParOldGen       total 815616K, used 316636K [0x0000000081e00000, 0x00000000b3a80000, 0x00000000d5f80000)
  object space 815616K, 38% used [0x0000000081e00000,0x0000000095337210,0x00000000b3a80000)
 Metaspace       used 17278K, capacity 17434K, committed 17792K, reserved 1064960K
  class space    used 2263K, capacity 2327K, committed 2432K, reserved 1048576K
}
Event: 14.261 GC heap before
{Heap before GC invocations=40 (full 7):
 PSYoungGen      total 459264K, used 294784K [0x00000000d5f80000, 0x0000000100000000, 0x0000000100000000)
  eden space 229888K, 100% used [0x00000000d5f80000,0x00000000e4000000,0x00000000e4000000)
  from space 229376K, 28% used [0x00000000f2000000,0x00000000f5f60000,0x0000000100000000)
  to   space 229376K, 0% used [0x00000000e4000000,0x00000000e4000000,0x00000000f2000000)
 ParOldGen       total 815616K, used 316636K [0x0000000081e00000, 0x00000000b3a80000, 0x00000000d5f80000)
  object space 815616K, 38% used [0x0000000081e00000,0x0000000095337210,0x00000000b3a80000)
 Metaspace       used 22778K, capacity 23080K, committed 23424K, reserved 1069056K
  class space    used 2979K, capacity 3090K, committed 3200K, reserved 1048576K
Event: 14.342 GC heap after
Heap after GC invocations=40 (full 7):
 PSYoungGen      total 459264K, used 55095K [0x00000000d5f80000, 0x0000000100000000, 0x0000000100000000)
  eden space 229888K, 0% used [0x00000000d5f80000,0x00000000d5f80000,0x00000000e4000000)
  from space 229376K, 24% used [0x00000000e4000000,0x00000000e75cdfa0,0x00000000f2000000)
  to   space 229376K, 0% used [0x00000000f2000000,0x00000000f2000000,0x0000000100000000)
 ParOldGen       total 815616K, used 381652K [0x0000000081e00000, 0x00000000b3a80000, 0x00000000d5f80000)
  object space 815616K, 46% used [0x0000000081e00000,0x00000000992b5210,0x00000000b3a80000)
 Metaspace       used 22778K, capacity 23080K, committed 23424K, reserved 1069056K
  class space    used 2979K, capacity 3090K, committed 3200K, reserved 1048576K
}
Event: 21.848 GC heap before
{Heap before GC invocations=41 (full 7):
 PSYoungGen      total 459264K, used 284983K [0x00000000d5f80000, 0x0000000100000000, 0x0000000100000000)
  eden space 229888K, 100% used [0x00000000d5f80000,0x00000000e4000000,0x00000000e4000000)
  from space 229376K, 24% used [0x00000000e4000000,0x00000000e75cdfa0,0x00000000f2000000)
  to   space 229376K, 0% used [0x00000000f2000000,0x00000000f2000000,0x0000000100000000)
 ParOldGen       total 815616K, used 381652K [0x0000000081e00000, 0x00000000b3a80000, 0x00000000d5f80000)
  object space 815616K, 46% used [0x0000000081e00000,0x00000000992b5210,0x00000000b3a80000)
 Metaspace       used 25744K, capacity 26490K, committed 26752K, reserved 1073152K
  class space    used 3431K, capacity 3629K, committed 3712K, reserved 1048576K
Event: 21.946 GC heap after
Heap after GC invocations=41 (full 7):
 PSYoungGen      total 459264K, used 34760K [0x00000000d5f80000, 0x0000000100000000, 0x0000000100000000)
  eden space 229888K, 0% used [0x00000000d5f80000,0x00000000d5f80000,0x00000000e4000000)
  from space 229376K, 15% used [0x00000000f2000000,0x00000000f41f2290,0x0000000100000000)
  to   space 229376K, 0% used [0x00000000e4000000,0x00000000e4000000,0x00000000f2000000)
 ParOldGen       total 815616K, used 434085K [0x0000000081e00000, 0x00000000b3a80000, 0x00000000d5f80000)
  object space 815616K, 53% used [0x0000000081e00000,0x000000009c5e95a0,0x00000000b3a80000)
 Metaspace       used 25744K, capacity 26490K, committed 26752K, reserved 1073152K
  class space    used 3431K, capacity 3629K, committed 3712K, reserved 1048576K
}
Event: 22.607 GC heap before
{Heap before GC invocations=42 (full 7):
 PSYoungGen      total 459264K, used 264648K [0x00000000d5f80000, 0x0000000100000000, 0x0000000100000000)
  eden space 229888K, 100% used [0x00000000d5f80000,0x00000000e4000000,0x00000000e4000000)
  from space 229376K, 15% used [0x00000000f2000000,0x00000000f41f2290,0x0000000100000000)
  to   space 229376K, 0% used [0x00000000e4000000,0x00000000e4000000,0x00000000f2000000)
 ParOldGen       total 815616K, used 434085K [0x0000000081e00000, 0x00000000b3a80000, 0x00000000d5f80000)
  object space 815616K, 53% used [0x0000000081e00000,0x000000009c5e95a0,0x00000000b3a80000)
 Metaspace       used 25744K, capacity 26490K, committed 26752K, reserved 1073152K
  class space    used 3431K, capacity 3629K, committed 3712K, reserved 1048576K

Deoptimization events (10 events):
Event: 13.576 Thread 0x0000000002f25800 Uncommon trap: reason=unstable_if action=reinterpret pc=0x0000000003531724 method=java.util.jar.Manifest$FastInputStream.readLine([BII)I @ 87
Event: 13.603 Thread 0x0000000002f25800 Uncommon trap: reason=bimorphic action=maybe_recompile pc=0x000000000313dbf8 method=java.util.AbstractList$Itr.next()Ljava/lang/Object; @ 14
Event: 13.673 Thread 0x0000000002f25800 Uncommon trap: reason=unstable_if action=reinterpret pc=0x00000000031a85b0 method=java.lang.String.replace(CC)Ljava/lang/String; @ 2
Event: 13.679 Thread 0x0000000002f25800 Uncommon trap: reason=bimorphic action=maybe_recompile pc=0x00000000032b3ac8 method=java.net.URL.<init>(Ljava/net/URL;Ljava/lang/String;Ljava/net/URLStreamHandler;)V @ 504
Event: 13.679 Thread 0x0000000002f25800 Uncommon trap: reason=unstable_if action=reinterpret pc=0x000000000331e478 method=sun.net.util.IPAddressUtil.scan(Ljava/lang/String;JJ[C)I @ 14
Event: 13.699 Thread 0x000000001c989000 Uncommon trap: reason=unstable_if action=reinterpret pc=0x000000000370bffc method=java.util.ArrayList.remove(I)Ljava/lang/Object; @ 31
Event: 14.455 Thread 0x0000000002f25800 Uncommon trap: reason=unstable_if action=reinterpret pc=0x000000000315ef88 method=java.util.AbstractMap.isEmpty()Z @ 4
Event: 14.514 Thread 0x0000000002f25800 Uncommon trap: reason=unstable_if action=reinterpret pc=0x0000000003955e20 method=java.util.regex.Pattern.inRange(III)Z @ 7
Event: 14.525 Thread 0x0000000002f25800 Uncommon trap: reason=class_check action=maybe_recompile pc=0x00000000034feff4 method=java.util.HashSet.contains(Ljava/lang/Object;)Z @ 5
Event: 14.525 Thread 0x0000000002f25800 Uncommon trap: reason=class_check action=maybe_recompile pc=0x00000000034feff4 method=java.util.HashSet.contains(Ljava/lang/Object;)Z @ 5

Classes redefined (0 events):
No events

Internal exceptions (10 events):
Event: 13.199 Thread 0x0000000002f25800 Implicit null exception at 0x000000000330b6d8 to 0x000000000330b8b5
Event: 13.199 Thread 0x0000000002f25800 Implicit null exception at 0x00000000034e486b to 0x00000000034e5cc5
Event: 14.205 Thread 0x000000001c989000 Exception <a 'java/net/SocketTimeoutException': connect timed out> (0x00000000e3b54ae8) thrown at [C:\jenkins\workspace\8-2-build-windows-amd64-cygwin\jdk8u251\737\hotspot\src\share\vm\prims\jni.cpp, line 736]
Event: 14.349 Thread 0x0000000002f25800 Exception <a 'java/lang/IncompatibleClassChangeError': Found class java.lang.Object, but interface was expected> (0x00000000d5f8f548) thrown at [C:\jenkins\workspace\8-2-build-windows-amd64-cygwin\jdk8u251\737\hotspot\src\share\vm\interpreter\linkResolver
Event: 14.350 Thread 0x0000000002f25800 Exception <a 'java/lang/NoSuchMethodError': java.lang.Object.lambda$or$2(Ljava/util/function/Predicate;Ljava/lang/Object;)Z> (0x00000000d5f9d410) thrown at [C:\jenkins\workspace\8-2-build-windows-amd64-cygwin\jdk8u251\737\hotspot\src\share\vm\interpreter\
Event: 14.410 Thread 0x0000000002f25800 Exception <a 'java/lang/NoSuchMethodError': java.lang.Object.lambda$chars$0()Ljava/util/Spliterator$OfInt;> (0x00000000d629eb48) thrown at [C:\jenkins\workspace\8-2-build-windows-amd64-cygwin\jdk8u251\737\hotspot\src\share\vm\interpreter\linkResolver.cpp,
Event: 17.208 Thread 0x0000000002f25800 Exception <a 'java/net/SocketTimeoutException': Read timed out> (0x00000000d6dfde90) thrown at [C:\jenkins\workspace\8-2-build-windows-amd64-cygwin\jdk8u251\737\hotspot\src\share\vm\prims\jni.cpp, line 736]
Event: 18.644 Thread 0x0000000002f25800 Exception <a 'java/net/SocketTimeoutException': Read timed out> (0x00000000d6e29fb8) thrown at [C:\jenkins\workspace\8-2-build-windows-amd64-cygwin\jdk8u251\737\hotspot\src\share\vm\prims\jni.cpp, line 736]
Event: 21.388 Thread 0x0000000002f25800 Exception <a 'java/lang/NullPointerException'> (0x00000000d6e3d388) thrown at [C:\jenkins\workspace\8-2-build-windows-amd64-cygwin\jdk8u251\737\hotspot\src\share\vm\interpreter\linkResolver.cpp, line 1287]
Event: 21.388 Thread 0x0000000002f25800 Exception <a 'java/lang/reflect/InvocationTargetException'> (0x00000000d6e3d778) thrown at [C:\jenkins\workspace\8-2-build-windows-amd64-cygwin\jdk8u251\737\hotspot\src\share\vm\runtime\reflection.cpp, line 1092]

Events (10 events):
Event: 21.947 Executing VM operation: RevokeBias done
Event: 21.947 Executing VM operation: RevokeBias
Event: 21.948 Executing VM operation: RevokeBias done
Event: 21.948 Executing VM operation: RevokeBias
Event: 21.948 Executing VM operation: RevokeBias done
Event: 22.044 loading class org/apache/xerces/util/SecurityManager
Event: 22.044 loading class org/apache/xerces/util/SecurityManager done
Event: 22.047 loading class org/apache/xerces/util/SecurityManager
Event: 22.047 loading class org/apache/xerces/util/SecurityManager done
Event: 22.607 Executing VM operation: ParallelGCFailedAllocation


Dynamic libraries:
0x00007ff642e00000 - 0x00007ff642e37000 	C:\Program Files\Java\jre1.8.0_251\bin\javaw.exe
0x00007fff2ae80000 - 0x00007fff2b070000 	C:\WINDOWS\SYSTEM32\ntdll.dll
0x00007fff299d0000 - 0x00007fff29a82000 	C:\WINDOWS\System32\KERNEL32.DLL
0x00007fff28760000 - 0x00007fff28a03000 	C:\WINDOWS\System32\KERNELBASE.dll
0x00007fff2ad90000 - 0x00007fff2ae33000 	C:\WINDOWS\System32\ADVAPI32.dll
0x00007fff290d0000 - 0x00007fff2916e000 	C:\WINDOWS\System32\msvcrt.dll
0x00007fff2a970000 - 0x00007fff2aa07000 	C:\WINDOWS\System32\sechost.dll
0x00007fff29e60000 - 0x00007fff29f80000 	C:\WINDOWS\System32\RPCRT4.dll
0x00007fff28f30000 - 0x00007fff290c4000 	C:\WINDOWS\System32\USER32.dll
0x00007fff28730000 - 0x00007fff28751000 	C:\WINDOWS\System32\win32u.dll
0x00007fff29c80000 - 0x00007fff29ca6000 	C:\WINDOWS\System32\GDI32.dll
0x00007fff28d40000 - 0x00007fff28ed4000 	C:\WINDOWS\System32\gdi32full.dll
0x00007fff28690000 - 0x00007fff2872e000 	C:\WINDOWS\System32\msvcp_win.dll
0x00007fff27e10000 - 0x00007fff27f0a000 	C:\WINDOWS\System32\ucrtbase.dll
0x00007fff125d0000 - 0x00007fff12855000 	C:\WINDOWS\WinSxS\amd64_microsoft.windows.common-controls_6595b64144ccf1df_6.0.18362.778_none_e6c6b761130d4fb8\COMCTL32.dll
0x00007fff2a060000 - 0x00007fff2a396000 	C:\WINDOWS\System32\combase.dll
0x00007fff28ac0000 - 0x00007fff28b40000 	C:\WINDOWS\System32\bcryptPrimitives.dll
0x00007fff298e0000 - 0x00007fff2990e000 	C:\WINDOWS\System32\IMM32.DLL
0x00000000608f0000 - 0x00000000609c2000 	C:\Program Files\Java\jre1.8.0_251\bin\msvcr100.dll
0x0000000060c50000 - 0x00000000614fb000 	C:\Program Files\Java\jre1.8.0_251\bin\server\jvm.dll
0x00007fff2a400000 - 0x00007fff2a408000 	C:\WINDOWS\System32\PSAPI.DLL
0x00007fff24a00000 - 0x00007fff24a24000 	C:\WINDOWS\SYSTEM32\WINMM.dll
0x00007ffefe6e0000 - 0x00007ffefe6e9000 	C:\WINDOWS\SYSTEM32\WSOCK32.dll
0x00007fff1afb0000 - 0x00007fff1afba000 	C:\WINDOWS\SYSTEM32\VERSION.dll
0x00007fff29f80000 - 0x00007fff29fef000 	C:\WINDOWS\System32\WS2_32.dll
0x00007fff249d0000 - 0x00007fff249fd000 	C:\WINDOWS\SYSTEM32\winmmbase.dll
0x00007fff28a70000 - 0x00007fff28aba000 	C:\WINDOWS\System32\cfgmgr32.dll
0x00007fff24860000 - 0x00007fff2486f000 	C:\Program Files\Java\jre1.8.0_251\bin\verify.dll
0x00007fff17510000 - 0x00007fff17539000 	C:\Program Files\Java\jre1.8.0_251\bin\java.dll
0x00007fff0be30000 - 0x00007fff0be46000 	C:\Program Files\Java\jre1.8.0_251\bin\zip.dll
0x00007fff29170000 - 0x00007fff29855000 	C:\WINDOWS\System32\SHELL32.dll
0x00007fff29a90000 - 0x00007fff29b39000 	C:\WINDOWS\System32\shcore.dll
0x00007fff27f10000 - 0x00007fff28690000 	C:\WINDOWS\System32\windows.storage.dll
0x00007fff27dc0000 - 0x00007fff27de3000 	C:\WINDOWS\System32\profapi.dll
0x00007fff27d70000 - 0x00007fff27dba000 	C:\WINDOWS\System32\powrprof.dll
0x00007fff27d40000 - 0x00007fff27d50000 	C:\WINDOWS\System32\UMPDC.dll
0x00007fff2abd0000 - 0x00007fff2ac22000 	C:\WINDOWS\System32\shlwapi.dll
0x00007fff27d50000 - 0x00007fff27d61000 	C:\WINDOWS\System32\kernel.appcore.dll
0x00007fff28ee0000 - 0x00007fff28ef7000 	C:\WINDOWS\System32\cryptsp.dll
0x00007fff0b7c0000 - 0x00007fff0b7da000 	C:\Program Files\Java\jre1.8.0_251\bin\net.dll
0x00007fff27550000 - 0x00007fff275b7000 	C:\WINDOWS\system32\mswsock.dll
0x00007ffefe5f0000 - 0x00007ffefe614000 	C:\Program Files\Java\jre1.8.0_251\bin\sunec.dll
0x00007fff27260000 - 0x00007fff2729a000 	C:\WINDOWS\SYSTEM32\IPHLPAPI.DLL
0x00007fff299c0000 - 0x00007fff299c8000 	C:\WINDOWS\System32\NSI.dll
0x00007fff1aec0000 - 0x00007fff1aed6000 	C:\WINDOWS\SYSTEM32\dhcpcsvc6.DLL
0x00007fff1af00000 - 0x00007fff1af1c000 	C:\WINDOWS\SYSTEM32\dhcpcsvc.DLL
0x00007fff272b0000 - 0x00007fff2737a000 	C:\WINDOWS\SYSTEM32\DNSAPI.dll
0x00007fff0b7a0000 - 0x00007fff0b7b2000 	C:\Program Files\Java\jre1.8.0_251\bin\nio.dll
0x00007fff270c0000 - 0x00007fff270f3000 	C:\WINDOWS\system32\rsaenh.dll
0x00007fff28f00000 - 0x00007fff28f26000 	C:\WINDOWS\System32\bcrypt.dll
0x00007fff27c30000 - 0x00007fff27c55000 	C:\WINDOWS\SYSTEM32\USERENV.dll
0x00007fff27720000 - 0x00007fff2772c000 	C:\WINDOWS\SYSTEM32\CRYPTBASE.dll
0x00007fff19960000 - 0x00007fff1996a000 	C:\Windows\System32\rasadhlp.dll
0x00007fff1acd0000 - 0x00007fff1ad47000 	C:\WINDOWS\System32\fwpuclnt.dll
0x00007fff17500000 - 0x00007fff1750c000 	C:\Program Files\Java\jre1.8.0_251\bin\sunmscapi.dll
0x00007fff28bf0000 - 0x00007fff28d39000 	C:\WINDOWS\System32\CRYPT32.dll
0x00007fff27df0000 - 0x00007fff27e02000 	C:\WINDOWS\System32\MSASN1.dll
0x00007fff27820000 - 0x00007fff27846000 	C:\WINDOWS\SYSTEM32\ncrypt.dll
0x00007fff277e0000 - 0x00007fff2781b000 	C:\WINDOWS\SYSTEM32\NTASN1.dll
0x00007fff241f0000 - 0x00007fff243e4000 	C:\WINDOWS\SYSTEM32\dbghelp.dll

VM Arguments:
jvm_args: -ea -Dfile.encoding=Cp1252 
java_command: org.eclipse.jdt.internal.junit.runner.RemoteTestRunner -version 3 -port 55430 -testLoaderClass org.eclipse.jdt.internal.junit4.runner.JUnit4TestLoader -loaderpluginname org.eclipse.jdt.junit4.runtime -classNames Com.Pathway.TestRunner.TestRunner
java_class_path (initial): C:\Users\saiku\git\Pathway\Pathway_Automationscript\target\test-classes;C:\Users\saiku\git\Pathway\Pathway_Automationscript\target\classes;C:\Users\saiku\.m2\repository\org\seleniumhq\selenium\selenium-java\3.14.0\selenium-java-3.14.0.jar;C:\Users\saiku\.m2\repository\org\seleniumhq\selenium\selenium-api\3.14.0\selenium-api-3.14.0.jar;C:\Users\saiku\.m2\repository\org\seleniumhq\selenium\selenium-chrome-driver\3.14.0\selenium-chrome-driver-3.14.0.jar;C:\Users\saiku\.m2\repository\org\seleniumhq\selenium\selenium-edge-driver\3.14.0\selenium-edge-driver-3.14.0.jar;C:\Users\saiku\.m2\repository\org\seleniumhq\selenium\selenium-firefox-driver\3.14.0\selenium-firefox-driver-3.14.0.jar;C:\Users\saiku\.m2\repository\org\seleniumhq\selenium\selenium-ie-driver\3.14.0\selenium-ie-driver-3.14.0.jar;C:\Users\saiku\.m2\repository\org\seleniumhq\selenium\selenium-opera-driver\3.14.0\selenium-opera-driver-3.14.0.jar;C:\Users\saiku\.m2\repository\org\seleniumhq\selenium\selenium-remote-driver\3.14.0\selenium-remote-driver-3.14.0.jar;C:\Users\saiku\.m2\repository\org\seleniumhq\selenium\selenium-safari-driver\3.14.0\selenium-safari-driver-3.14.0.jar;C:\Users\saiku\.m2\repository\org\seleniumhq\selenium\selenium-support\3.14.0\selenium-support-3.14.0.jar;C:\Users\saiku\.m2\repository\net\bytebuddy\byte-buddy\1.8.15\byte-buddy-1.8.15.jar;C:\Users\saiku\.m2\repository\org\apache\commons\commons-exec\1.3\commons-exec-1.3.jar;C:\Users\saiku\.m2\repository\commons-codec\commons-codec\1.10\commons-codec-1.10.jar;C:\Users\saiku\.m2\repository\commons-logging\commons-logging\1.2\commons-logging-1.2.jar;C:\Users\saiku\.m2\repository\com\google\guava\guava\25.0-jre\guava-25.0-jre.jar;C:\Users\saiku\.m2\repository\com\google\code\findbugs\jsr305\1.3.9\jsr305-1.3.9.jar;C:\Users\saiku\.m2\repository\org\checkerframework\checker-compat-qual\2.0.0\checker-compat-qual-2.0.0.jar;C:\Users\saiku\.m2\repository\com\google\errorprone\error_prone_annotations\2.1.3\error_prone_
Launcher Type: SUN_STANDARD

Environment Variables:
PATH=C:/Program Files/Java/jre1.8.0_251/bin/server;C:/Program Files/Java/jre1.8.0_251/bin;C:/Program Files/Java/jre1.8.0_251/lib/amd64;C:\Program Files (x86)\Common Files\Oracle\Java\javapath;C:\WINDOWS\system32;C:\WINDOWS;C:\WINDOWS\System32\Wbem;C:\WINDOWS\System32\WindowsPowerShell\v1.0\;C:\WINDOWS\System32\OpenSSH\;C:\Program Files\Java\jdk1.8.0_251\bin;C:\Users\saiku\AppData\Local\Microsoft\WindowsApps;;C:\WINDOWS\System32;
USERNAME=saiku
OS=Windows_NT
PROCESSOR_IDENTIFIER=Intel64 Family 6 Model 142 Stepping 11, GenuineIntel



---------------  S Y S T E M  ---------------

OS: Windows 10.0 , 64 bit Build 18362 (10.0.18362.778)

CPU:total 8 (initial active 8) (4 cores per cpu, 2 threads per core) family 6 model 142 stepping 11, cmov, cx8, fxsr, mmx, sse, sse2, sse3, ssse3, sse4.1, sse4.2, popcnt, avx, avx2, aes, clmul, erms, 3dnowpref, lzcnt, ht, tsc, tscinvbit, bmi1, bmi2, adx

Memory: 4k page, physical 8264948k(891828k free), swap 11269660k(1606864k free)

vm_info: Java HotSpot(TM) 64-Bit Server VM (25.251-b08) for windows-amd64 JRE (1.8.0_251-b08), built on Mar 12 2020 06:31:49 by "" with MS VC++ 10.0 (VS2010)

time: Tue May 12 13:23:10 2020
timezone: India Standard Time
elapsed time: 22 seconds (0d 0h 0m 22s)

