#
# A fatal error has been detected by the Java Runtime Environment:
#
#  EXCEPTION_ACCESS_VIOLATION (0xc0000005) at pc=0x0000000060d653d8, pid=7728, tid=0x0000000000004588
#
# JRE version: Java(TM) SE Runtime Environment (8.0_251-b08) (build 1.8.0_251-b08)
# Java VM: Java HotSpot(TM) 64-Bit Server VM (25.251-b08 mixed mode windows-amd64 compressed oops)
# Problematic frame:
# V  [jvm.dll+0x1153d8]
#
# Failed to write core dump. Minidumps are not enabled by default on client versions of Windows
#
# If you would like to submit a bug report, please visit:
#   http://bugreport.java.com/bugreport/crash.jsp
#

---------------  T H R E A D  ---------------

Current thread (0x0000000002bec000):  GCTaskThread [stack: 0x0000000012740000,0x0000000012840000] [id=17800]

siginfo: ExceptionCode=0xc0000005, reading address 0xffffffffffffffff

Registers:
RAX=0x0000000012f40000, RBX=0x0000000000040000, RCX=0x0000000000000000, RDX=0x0000000000000000
RSP=0x000000001283f810, RBP=0x00000000a2e7472c, RSI=0x000000000000000c, RDI=0x0000000002cc80a0
R8 =0x007fffffffbf1200, R9 =0x000000000000000c, R10=0x000000000000000c, R11=0x0000000000005967
R12=0x00000000a2e74730, R13=0x00000001001f8210, R14=0x00000001001f8220, R15=0x00000000a2e746d8
RIP=0x0000000060d653d8, EFLAGS=0x0000000000010246

Top of Stack: (sp=0x000000001283f810)
0x000000001283f810:   00000000a2eab6c8 00000000a2e74718
0x000000001283f820:   000000000000000c 0000000002cc80a0
0x000000001283f830:   0000000000000000 0000000002bec5a0
0x000000001283f840:   0000000002be6eb0 0001b0ec00005965
0x000000001283f850:   0001b0eb00005965 000000006104ff80
0x000000001283f860:   0000000018623b78 0000000000000000
0x000000001283f870:   0000000002cc80a0 00000000612b0718
0x000000001283f880:   0001b0eb00005965 0001b0ec00005965
0x000000001283f890:   000000006147af90 000000000000000c
0x000000001283f8a0:   0000000000000000 0001b64c00003483
0x000000001283f8b0:   00000000a2e73e90 0000000060d654a6
0x000000001283f8c0:   00000000a2e73e98 0000000002be6eb0
0x000000001283f8d0:   0000000002bec5b0 0000000002bec5a0
0x000000001283f8e0:   00000000612b0718 0000000000000000
0x000000001283f8f0:   000000001e1ce8a0 0000000000000000
0x000000001283f900:   0000000002cc80a0 000000006104d8ff 

Instructions: (pc=0x0000000060d653d8)
0x0000000060d653b8:   05 d3 5b 71 00 49 c1 e8 03 49 d3 e8 41 0f b6 c0
0x0000000060d653c8:   49 c1 e8 06 24 3f 0f b6 d0 48 8b 05 e8 5b 71 00
0x0000000060d653d8:   4a 8b 0c c0 48 0f a3 d1 0f 82 59 01 00 00 0f b6
0x0000000060d653e8:   15 c4 67 70 00 84 d2 74 16 44 8b 43 08 8b 0d 6d 


Register to memory mapping:

RAX=0x0000000012f40000 is an unknown value
RBX=0x0000000000040000 is an unknown value
RCX=0x0000000000000000 is an unknown value
RDX=0x0000000000000000 is an unknown value
RSP=0x000000001283f810 is an unknown value
RBP=0x00000000a2e7472c is pointing into object: 0x00000000a2e746d8
org.apache.xmlbeans.impl.store.Xobj$ElementXobj 
 - klass: 'org/apache/xmlbeans/impl/store/Xobj$ElementXobj'
RSI=0x000000000000000c is an unknown value
RDI=0x0000000002cc80a0 is an unknown value
R8 =0x007fffffffbf1200 is an unknown value
R9 =0x000000000000000c is an unknown value
R10=0x000000000000000c is an unknown value
R11=0x0000000000005967 is an unknown value
R12=0x00000000a2e74730 is pointing into object: 0x00000000a2e746d8
org.apache.xmlbeans.impl.store.Xobj$ElementXobj 
 - klass: 'org/apache/xmlbeans/impl/store/Xobj$ElementXobj'
R13=0x00000001001f8210 is pointing into metadata
R14=0x00000001001f8220 is pointing into metadata
R15=0x00000000a2e746d8 is an oop
org.apache.xmlbeans.impl.store.Xobj$ElementXobj 
 - klass: 'org/apache/xmlbeans/impl/store/Xobj$ElementXobj'


Stack: [0x0000000012740000,0x0000000012840000],  sp=0x000000001283f810,  free space=1022k
Native frames: (J=compiled Java code, j=interpreted, Vv=VM code, C=native code)
V  [jvm.dll+0x1153d8]
V  [jvm.dll+0x3fff80]
V  [jvm.dll+0x3fd8ff]
V  [jvm.dll+0x3fad6e]
V  [jvm.dll+0x2a001a]
C  [msvcr100.dll+0x21d9f]
C  [msvcr100.dll+0x21e3b]
C  [KERNEL32.DLL+0x17bd4]
C  [ntdll.dll+0x6ce51]


---------------  P R O C E S S  ---------------

Java Threads: ( => current thread )
  0x000000001cb07000 JavaThread "Okio Watchdog" daemon [_thread_blocked, id=21396, stack(0x0000000020bd0000,0x0000000020cd0000)]
  0x000000001d08e800 JavaThread "OkHttp ConnectionPool" daemon [_thread_blocked, id=13064, stack(0x00000000208d0000,0x00000000209d0000)]
  0x000000001c19d000 JavaThread "Exec Stream Pumper" daemon [_thread_in_native, id=4120, stack(0x00000000203d0000,0x00000000204d0000)]
  0x000000001c1df000 JavaThread "Exec Stream Pumper" daemon [_thread_in_native, id=14388, stack(0x00000000202d0000,0x00000000203d0000)]
  0x000000001c0f5000 JavaThread "Exec Default Executor" daemon [_thread_in_native, id=2188, stack(0x000000001c3f0000,0x000000001c4f0000)]
  0x000000001abc0800 JavaThread "ReaderThread" [_thread_in_native, id=2320, stack(0x000000001b120000,0x000000001b220000)]
  0x0000000019be3800 JavaThread "Service Thread" daemon [_thread_blocked, id=18640, stack(0x000000001a720000,0x000000001a820000)]
  0x0000000019b5f800 JavaThread "C1 CompilerThread3" daemon [_thread_blocked, id=8056, stack(0x000000001a620000,0x000000001a720000)]
  0x0000000019b5c000 JavaThread "C2 CompilerThread2" daemon [_thread_blocked, id=3688, stack(0x000000001a520000,0x000000001a620000)]
  0x0000000019b53800 JavaThread "C2 CompilerThread1" daemon [_thread_blocked, id=20300, stack(0x000000001a420000,0x000000001a520000)]
  0x0000000019b4e000 JavaThread "C2 CompilerThread0" daemon [_thread_blocked, id=1540, stack(0x000000001a320000,0x000000001a420000)]
  0x0000000019b4b000 JavaThread "Attach Listener" daemon [_thread_blocked, id=5148, stack(0x000000001a220000,0x000000001a320000)]
  0x0000000019b4a000 JavaThread "Signal Dispatcher" daemon [_thread_blocked, id=18492, stack(0x000000001a120000,0x000000001a220000)]
  0x0000000002ccd800 JavaThread "Finalizer" daemon [_thread_blocked, id=16692, stack(0x0000000019f20000,0x000000001a020000)]
  0x0000000017c3d000 JavaThread "Reference Handler" daemon [_thread_blocked, id=6208, stack(0x0000000019a20000,0x0000000019b20000)]
  0x0000000002bd5800 JavaThread "main" [_thread_blocked, id=11036, stack(0x0000000002ad0000,0x0000000002bd0000)]

Other Threads:
  0x0000000017c38000 VMThread [stack: 0x0000000019920000,0x0000000019a20000] [id=7100]
  0x0000000019c28000 WatcherThread [stack: 0x000000001a820000,0x000000001a920000] [id=19312]

=>0x0000000002bec000 (exited) GCTaskThread [stack: 0x0000000012740000,0x0000000012840000] [id=17800]

VM state:at safepoint (normal execution)

VM Mutex/Monitor currently owned by a thread:  ([mutex/lock_event])
[0x0000000002bd2cd0] Threads_lock - owner thread: 0x0000000017c38000
[0x0000000002bd3050] Heap_lock - owner thread: 0x0000000002bd5800

heap address: 0x0000000081e00000, size: 2018 MB, Compressed Oops mode: 32-bit
Narrow klass base: 0x0000000000000000, Narrow klass shift: 3
Compressed class space size: 1073741824 Address: 0x0000000100000000

Heap:
 PSYoungGen      total 435200K, used 191717K [0x00000000d5f80000, 0x0000000100000000, 0x0000000100000000)
  eden space 220160K, 0% used [0x00000000d5f80000,0x00000000d5f80000,0x00000000e3680000)
  from space 215040K, 89% used [0x00000000f1680000,0x00000000fd1b9760,0x00000000fe880000)
  to   space 229376K, 0% used [0x00000000e3680000,0x00000000e3680000,0x00000000f1680000)
 ParOldGen       total 749568K, used 594974K [0x0000000081e00000, 0x00000000afa00000, 0x00000000d5f80000)
  object space 749568K, 79% used [0x0000000081e00000,0x00000000a63078d8,0x00000000afa00000)
 Metaspace       used 26260K, capacity 27040K, committed 27264K, reserved 1073152K
  class space    used 3479K, capacity 3698K, committed 3712K, reserved 1048576K

Card table byte_map: [0x0000000012090000,0x0000000012490000] byte_map_base: 0x0000000011c81000

Marking Bits: (ParMarkBitMap*) 0x000000006147af90
 Begin Bits: [0x0000000012f40000, 0x0000000014ec8000)
 End Bits:   [0x0000000014ec8000, 0x0000000016e50000)

Polling page: 0x00000000010d0000

CodeCache: size=245760Kb used=10451Kb max_used=10609Kb free=235308Kb
 bounds [0x0000000002cd0000, 0x0000000003760000, 0x0000000011cd0000]
 total_blobs=3443 nmethods=3002 adapters=353
 compilation: enabled

Compilation events (10 events):
Event: 135.226 Thread 0x0000000019b5f800 3994       3       com.sun.org.apache.xerces.internal.dom.ParentNode::<init> (21 bytes)
Event: 135.226 Thread 0x0000000019b5f800 nmethod 3994 0x0000000003734490 code [0x0000000003734600, 0x00000000037348d0]
Event: 135.226 Thread 0x0000000019b5f800 3990       3       com.sun.org.apache.xerces.internal.dom.ParentNode::lastChild (16 bytes)
Event: 135.226 Thread 0x0000000019b5f800 nmethod 3990 0x0000000002fbb450 code [0x0000000002fbb5a0, 0x0000000002fbb750]
Event: 135.226 Thread 0x0000000019b5f800 3991       3       org.apache.poi.openxml4j.opc.internal.PackagePropertiesPart::setStringValue (20 bytes)
Event: 135.226 Thread 0x0000000019b5f800 nmethod 3991 0x00000000031aaf90 code [0x00000000031ab140, 0x00000000031ab7a8]
Event: 135.374 Thread 0x0000000019b5f800 3995       3       java.net.URLClassLoader$3$1::run (5 bytes)
Event: 135.375 Thread 0x0000000019b5f800 nmethod 3995 0x0000000003033c50 code [0x0000000003033de0, 0x0000000003034278]
Event: 135.375 Thread 0x0000000019b5f800 3996       3       java.net.URLClassLoader$3$1::run (33 bytes)
Event: 135.375 Thread 0x0000000019b5f800 nmethod 3996 0x0000000002e9eb50 code [0x0000000002e9ece0, 0x0000000002e9f118]

GC Heap History (10 events):
Event: 134.747 GC heap after
Heap after GC invocations=62 (full 10):
 PSYoungGen      total 459264K, used 70101K [0x00000000d5f80000, 0x0000000100000000, 0x0000000100000000)
  eden space 229888K, 0% used [0x00000000d5f80000,0x00000000d5f80000,0x00000000e4000000)
  from space 229376K, 30% used [0x00000000f2000000,0x00000000f6475720,0x0000000100000000)
  to   space 229376K, 0% used [0x00000000e4000000,0x00000000e4000000,0x00000000f2000000)
 ParOldGen       total 749568K, used 322365K [0x0000000081e00000, 0x00000000afa00000, 0x00000000d5f80000)
  object space 749568K, 43% used [0x0000000081e00000,0x00000000958cf498,0x00000000afa00000)
 Metaspace       used 26256K, capacity 27040K, committed 27264K, reserved 1073152K
  class space    used 3479K, capacity 3698K, committed 3712K, reserved 1048576K
}
Event: 135.006 GC heap before
{Heap before GC invocations=63 (full 10):
 PSYoungGen      total 459264K, used 299989K [0x00000000d5f80000, 0x0000000100000000, 0x0000000100000000)
  eden space 229888K, 100% used [0x00000000d5f80000,0x00000000e4000000,0x00000000e4000000)
  from space 229376K, 30% used [0x00000000f2000000,0x00000000f6475720,0x0000000100000000)
  to   space 229376K, 0% used [0x00000000e4000000,0x00000000e4000000,0x00000000f2000000)
 ParOldGen       total 749568K, used 322365K [0x0000000081e00000, 0x00000000afa00000, 0x00000000d5f80000)
  object space 749568K, 43% used [0x0000000081e00000,0x00000000958cf498,0x00000000afa00000)
 Metaspace       used 26256K, capacity 27040K, committed 27264K, reserved 1073152K
  class space    used 3479K, capacity 3698K, committed 3712K, reserved 1048576K
Event: 135.075 GC heap after
Heap after GC invocations=63 (full 10):
 PSYoungGen      total 459264K, used 61952K [0x00000000d5f80000, 0x0000000100000000, 0x0000000100000000)
  eden space 229888K, 0% used [0x00000000d5f80000,0x00000000d5f80000,0x00000000e4000000)
  from space 229376K, 27% used [0x00000000e4000000,0x00000000e7c80000,0x00000000f2000000)
  to   space 229376K, 0% used [0x00000000f2000000,0x00000000f2000000,0x0000000100000000)
 ParOldGen       total 749568K, used 392578K [0x0000000081e00000, 0x00000000afa00000, 0x00000000d5f80000)
  object space 749568K, 52% used [0x0000000081e00000,0x0000000099d60bb8,0x00000000afa00000)
 Metaspace       used 26256K, capacity 27040K, committed 27264K, reserved 1073152K
  class space    used 3479K, capacity 3698K, committed 3712K, reserved 1048576K
}
Event: 135.282 GC heap before
{Heap before GC invocations=64 (full 10):
 PSYoungGen      total 459264K, used 291840K [0x00000000d5f80000, 0x0000000100000000, 0x0000000100000000)
  eden space 229888K, 100% used [0x00000000d5f80000,0x00000000e4000000,0x00000000e4000000)
  from space 229376K, 27% used [0x00000000e4000000,0x00000000e7c80000,0x00000000f2000000)
  to   space 229376K, 0% used [0x00000000f2000000,0x00000000f2000000,0x0000000100000000)
 ParOldGen       total 749568K, used 392578K [0x0000000081e00000, 0x00000000afa00000, 0x00000000d5f80000)
  object space 749568K, 52% used [0x0000000081e00000,0x0000000099d60bb8,0x00000000afa00000)
 Metaspace       used 26260K, capacity 27040K, committed 27264K, reserved 1073152K
  class space    used 3479K, capacity 3698K, committed 3712K, reserved 1048576K
Event: 135.325 GC heap after
Heap after GC invocations=64 (full 10):
 PSYoungGen      total 456192K, used 46589K [0x00000000d5f80000, 0x00000000ffd00000, 0x0000000100000000)
  eden space 229888K, 0% used [0x00000000d5f80000,0x00000000d5f80000,0x00000000e4000000)
  from space 226304K, 20% used [0x00000000f2000000,0x00000000f4d7f760,0x00000000ffd00000)
  to   space 227840K, 0% used [0x00000000e4000000,0x00000000e4000000,0x00000000f1e80000)
 ParOldGen       total 749568K, used 454626K [0x0000000081e00000, 0x00000000afa00000, 0x00000000d5f80000)
  object space 749568K, 60% used [0x0000000081e00000,0x000000009d9f8bb8,0x00000000afa00000)
 Metaspace       used 26260K, capacity 27040K, committed 27264K, reserved 1073152K
  class space    used 3479K, capacity 3698K, committed 3712K, reserved 1048576K
}
Event: 135.525 GC heap before
{Heap before GC invocations=65 (full 10):
 PSYoungGen      total 456192K, used 276477K [0x00000000d5f80000, 0x00000000ffd00000, 0x0000000100000000)
  eden space 229888K, 100% used [0x00000000d5f80000,0x00000000e4000000,0x00000000e4000000)
  from space 226304K, 20% used [0x00000000f2000000,0x00000000f4d7f760,0x00000000ffd00000)
  to   space 227840K, 0% used [0x00000000e4000000,0x00000000e4000000,0x00000000f1e80000)
 ParOldGen       total 749568K, used 454626K [0x0000000081e00000, 0x00000000afa00000, 0x00000000d5f80000)
  object space 749568K, 60% used [0x0000000081e00000,0x000000009d9f8bb8,0x00000000afa00000)
 Metaspace       used 26260K, capacity 27040K, committed 27264K, reserved 1073152K
  class space    used 3479K, capacity 3698K, committed 3712K, reserved 1048576K
Event: 135.559 GC heap after
Heap after GC invocations=65 (full 10):
 PSYoungGen      total 320512K, used 90589K [0x00000000d5f80000, 0x00000000fe880000, 0x0000000100000000)
  eden space 229888K, 0% used [0x00000000d5f80000,0x00000000d5f80000,0x00000000e4000000)
  from space 90624K, 99% used [0x00000000e4000000,0x00000000e98777f8,0x00000000e9880000)
  to   space 215040K, 0% used [0x00000000f1680000,0x00000000f1680000,0x00000000fe880000)
 ParOldGen       total 749568K, used 501039K [0x0000000081e00000, 0x00000000afa00000, 0x00000000d5f80000)
  object space 749568K, 66% used [0x0000000081e00000,0x00000000a074bdc0,0x00000000afa00000)
 Metaspace       used 26260K, capacity 27040K, committed 27264K, reserved 1073152K
  class space    used 3479K, capacity 3698K, committed 3712K, reserved 1048576K
}
Event: 135.891 GC heap before
{Heap before GC invocations=66 (full 10):
 PSYoungGen      total 320512K, used 320477K [0x00000000d5f80000, 0x00000000fe880000, 0x0000000100000000)
  eden space 229888K, 100% used [0x00000000d5f80000,0x00000000e4000000,0x00000000e4000000)
  from space 90624K, 99% used [0x00000000e4000000,0x00000000e98777f8,0x00000000e9880000)
  to   space 215040K, 0% used [0x00000000f1680000,0x00000000f1680000,0x00000000fe880000)
 ParOldGen       total 749568K, used 501039K [0x0000000081e00000, 0x00000000afa00000, 0x00000000d5f80000)
  object space 749568K, 66% used [0x0000000081e00000,0x00000000a074bdc0,0x00000000afa00000)
 Metaspace       used 26260K, capacity 27040K, committed 27264K, reserved 1073152K
  class space    used 3479K, capacity 3698K, committed 3712K, reserved 1048576K
Event: 135.953 GC heap after
Heap after GC invocations=66 (full 10):
 PSYoungGen      total 435200K, used 191717K [0x00000000d5f80000, 0x0000000100000000, 0x0000000100000000)
  eden space 220160K, 0% used [0x00000000d5f80000,0x00000000d5f80000,0x00000000e3680000)
  from space 215040K, 89% used [0x00000000f1680000,0x00000000fd1b9760,0x00000000fe880000)
  to   space 229376K, 0% used [0x00000000e3680000,0x00000000e3680000,0x00000000f1680000)
 ParOldGen       total 749568K, used 594974K [0x0000000081e00000, 0x00000000afa00000, 0x00000000d5f80000)
  object space 749568K, 79% used [0x0000000081e00000,0x00000000a63078d8,0x00000000afa00000)
 Metaspace       used 26260K, capacity 27040K, committed 27264K, reserved 1073152K
  class space    used 3479K, capacity 3698K, committed 3712K, reserved 1048576K
}
Event: 135.953 GC heap before
{Heap before GC invocations=67 (full 11):
 PSYoungGen      total 435200K, used 191717K [0x00000000d5f80000, 0x0000000100000000, 0x0000000100000000)
  eden space 220160K, 0% used [0x00000000d5f80000,0x00000000d5f80000,0x00000000e3680000)
  from space 215040K, 89% used [0x00000000f1680000,0x00000000fd1b9760,0x00000000fe880000)
  to   space 229376K, 0% used [0x00000000e3680000,0x00000000e3680000,0x00000000f1680000)
 ParOldGen       total 749568K, used 594974K [0x0000000081e00000, 0x00000000afa00000, 0x00000000d5f80000)
  object space 749568K, 79% used [0x0000000081e00000,0x00000000a63078d8,0x00000000afa00000)
 Metaspace       used 26260K, capacity 27040K, committed 27264K, reserved 1073152K
  class space    used 3479K, capacity 3698K, committed 3712K, reserved 1048576K

Deoptimization events (10 events):
Event: 13.028 Thread 0x0000000002bd5800 Uncommon trap: reason=unstable_if action=reinterpret pc=0x000000000362f160 method=java.util.regex.Pattern.inRange(III)Z @ 7
Event: 13.028 Thread 0x0000000002bd5800 Uncommon trap: reason=bimorphic action=maybe_recompile pc=0x0000000003481648 method=java.util.regex.Pattern$BranchConn.match(Ljava/util/regex/Matcher;ILjava/lang/CharSequence;)Z @ 7
Event: 13.028 Thread 0x0000000002bd5800 Uncommon trap: reason=unstable_if action=reinterpret pc=0x000000000348166c method=java.util.regex.Pattern$LastNode.match(Ljava/util/regex/Matcher;ILjava/lang/CharSequence;)Z @ 5
Event: 13.038 Thread 0x0000000002bd5800 Uncommon trap: reason=class_check action=maybe_recompile pc=0x00000000031d3df4 method=java.util.HashSet.contains(Ljava/lang/Object;)Z @ 5
Event: 13.038 Thread 0x0000000002bd5800 Uncommon trap: reason=class_check action=maybe_recompile pc=0x00000000031d3df4 method=java.util.HashSet.contains(Ljava/lang/Object;)Z @ 5
Event: 117.392 Thread 0x0000000002bd5800 Uncommon trap: reason=unstable_if action=reinterpret pc=0x000000000332f71c method=java.util.HashMap$HashIterator.<init>(Ljava/util/HashMap;)V @ 45
Event: 117.392 Thread 0x0000000002bd5800 Uncommon trap: reason=unstable_if action=reinterpret pc=0x000000000322aeb0 method=java.util.LinkedHashMap.afterNodeInsertion(Z)V @ 1
Event: 129.326 Thread 0x0000000002bd5800 Uncommon trap: reason=class_check action=maybe_recompile pc=0x00000000035e2a08 method=org.apache.xmlbeans.impl.store.Locale$ScrubBuffer.scrub(Ljava/lang/Object;II)V @ 25
Event: 130.007 Thread 0x0000000002bd5800 Uncommon trap: reason=class_check action=maybe_recompile pc=0x00000000035e2a08 method=org.apache.xmlbeans.impl.store.Locale$ScrubBuffer.scrub(Ljava/lang/Object;II)V @ 25
Event: 131.196 Thread 0x0000000002bd5800 Uncommon trap: reason=class_check action=maybe_recompile pc=0x00000000035e2a08 method=org.apache.xmlbeans.impl.store.Locale$ScrubBuffer.scrub(Ljava/lang/Object;II)V @ 25

Classes redefined (0 events):
No events

Internal exceptions (10 events):
Event: 102.183 Thread 0x0000000002bd5800 Exception <a 'java/net/SocketTimeoutException': Read timed out> (0x00000000e0fe3ee8) thrown at [C:\jenkins\workspace\8-2-build-windows-amd64-cygwin\jdk8u251\737\hotspot\src\share\vm\prims\jni.cpp, line 736]
Event: 102.194 Thread 0x0000000002bd5800 Exception <a 'java/net/SocketTimeoutException': Read timed out> (0x00000000e0ff77e0) thrown at [C:\jenkins\workspace\8-2-build-windows-amd64-cygwin\jdk8u251\737\hotspot\src\share\vm\prims\jni.cpp, line 736]
Event: 107.243 Thread 0x0000000002bd5800 Exception <a 'java/net/SocketTimeoutException': Read timed out> (0x00000000e1008788) thrown at [C:\jenkins\workspace\8-2-build-windows-amd64-cygwin\jdk8u251\737\hotspot\src\share\vm\prims\jni.cpp, line 736]
Event: 107.272 Thread 0x0000000002bd5800 Exception <a 'java/net/SocketTimeoutException': Read timed out> (0x00000000e101c068) thrown at [C:\jenkins\workspace\8-2-build-windows-amd64-cygwin\jdk8u251\737\hotspot\src\share\vm\prims\jni.cpp, line 736]
Event: 112.321 Thread 0x0000000002bd5800 Exception <a 'java/net/SocketTimeoutException': Read timed out> (0x00000000e102cf90) thrown at [C:\jenkins\workspace\8-2-build-windows-amd64-cygwin\jdk8u251\737\hotspot\src\share\vm\prims\jni.cpp, line 736]
Event: 112.333 Thread 0x0000000002bd5800 Exception <a 'java/net/SocketTimeoutException': Read timed out> (0x00000000e1040870) thrown at [C:\jenkins\workspace\8-2-build-windows-amd64-cygwin\jdk8u251\737\hotspot\src\share\vm\prims\jni.cpp, line 736]
Event: 117.375 Thread 0x0000000002bd5800 Exception <a 'java/net/SocketTimeoutException': Read timed out> (0x00000000e105aa68) thrown at [C:\jenkins\workspace\8-2-build-windows-amd64-cygwin\jdk8u251\737\hotspot\src\share\vm\prims\jni.cpp, line 736]
Event: 117.395 Thread 0x0000000002bd5800 Exception <a 'java/net/SocketTimeoutException': Read timed out> (0x00000000e10e3330) thrown at [C:\jenkins\workspace\8-2-build-windows-amd64-cygwin\jdk8u251\737\hotspot\src\share\vm\prims\jni.cpp, line 736]
Event: 122.519 Thread 0x0000000002bd5800 Exception <a 'java/net/SocketTimeoutException': Read timed out> (0x00000000e10f4218) thrown at [C:\jenkins\workspace\8-2-build-windows-amd64-cygwin\jdk8u251\737\hotspot\src\share\vm\prims\jni.cpp, line 736]
Event: 122.544 Thread 0x0000000002bd5800 Exception <a 'java/net/SocketTimeoutException': Read timed out> (0x00000000e1107550) thrown at [C:\jenkins\workspace\8-2-build-windows-amd64-cygwin\jdk8u251\737\hotspot\src\share\vm\prims\jni.cpp, line 736]

Events (10 events):
Event: 135.325 Executing VM operation: RevokeBias done
Event: 135.325 Executing VM operation: RevokeBias
Event: 135.326 Executing VM operation: RevokeBias done
Event: 135.374 loading class org/apache/xerces/util/SecurityManager
Event: 135.374 loading class org/apache/xerces/util/SecurityManager done
Event: 135.375 loading class org/apache/xerces/util/SecurityManager
Event: 135.375 loading class org/apache/xerces/util/SecurityManager done
Event: 135.525 Executing VM operation: ParallelGCFailedAllocation
Event: 135.559 Executing VM operation: ParallelGCFailedAllocation done
Event: 135.891 Executing VM operation: ParallelGCFailedAllocation


Dynamic libraries:
0x00007ff642e00000 - 0x00007ff642e37000 	C:\Program Files\Java\jre1.8.0_251\bin\javaw.exe
0x00007fff2ae80000 - 0x00007fff2b070000 	C:\WINDOWS\SYSTEM32\ntdll.dll
0x00007fff299d0000 - 0x00007fff29a82000 	C:\WINDOWS\System32\KERNEL32.DLL
0x00007fff28760000 - 0x00007fff28a03000 	C:\WINDOWS\System32\KERNELBASE.dll
0x00007fff2ad90000 - 0x00007fff2ae33000 	C:\WINDOWS\System32\ADVAPI32.dll
0x00007fff290d0000 - 0x00007fff2916e000 	C:\WINDOWS\System32\msvcrt.dll
0x00007fff2a970000 - 0x00007fff2aa07000 	C:\WINDOWS\System32\sechost.dll
0x00007fff29e60000 - 0x00007fff29f80000 	C:\WINDOWS\System32\RPCRT4.dll
0x00007fff28f30000 - 0x00007fff290c4000 	C:\WINDOWS\System32\USER32.dll
0x00007fff28730000 - 0x00007fff28751000 	C:\WINDOWS\System32\win32u.dll
0x00007fff29c80000 - 0x00007fff29ca6000 	C:\WINDOWS\System32\GDI32.dll
0x00007fff28d40000 - 0x00007fff28ed4000 	C:\WINDOWS\System32\gdi32full.dll
0x00007fff28690000 - 0x00007fff2872e000 	C:\WINDOWS\System32\msvcp_win.dll
0x00007fff27e10000 - 0x00007fff27f0a000 	C:\WINDOWS\System32\ucrtbase.dll
0x00007fff125d0000 - 0x00007fff12855000 	C:\WINDOWS\WinSxS\amd64_microsoft.windows.common-controls_6595b64144ccf1df_6.0.18362.778_none_e6c6b761130d4fb8\COMCTL32.dll
0x00007fff2a060000 - 0x00007fff2a396000 	C:\WINDOWS\System32\combase.dll
0x00007fff28ac0000 - 0x00007fff28b40000 	C:\WINDOWS\System32\bcryptPrimitives.dll
0x00007fff298e0000 - 0x00007fff2990e000 	C:\WINDOWS\System32\IMM32.DLL
0x00000000609d0000 - 0x0000000060aa2000 	C:\Program Files\Java\jre1.8.0_251\bin\msvcr100.dll
0x0000000060c50000 - 0x00000000614fb000 	C:\Program Files\Java\jre1.8.0_251\bin\server\jvm.dll
0x00007fff2a400000 - 0x00007fff2a408000 	C:\WINDOWS\System32\PSAPI.DLL
0x00007fff1afb0000 - 0x00007fff1afba000 	C:\WINDOWS\SYSTEM32\VERSION.dll
0x00007fff24a00000 - 0x00007fff24a24000 	C:\WINDOWS\SYSTEM32\WINMM.dll
0x00007fff24a90000 - 0x00007fff24a99000 	C:\WINDOWS\SYSTEM32\WSOCK32.dll
0x00007fff29f80000 - 0x00007fff29fef000 	C:\WINDOWS\System32\WS2_32.dll
0x00007fff249d0000 - 0x00007fff249fd000 	C:\WINDOWS\SYSTEM32\WINMMBASE.dll
0x00007fff28a70000 - 0x00007fff28aba000 	C:\WINDOWS\System32\cfgmgr32.dll
0x00007fff24860000 - 0x00007fff2486f000 	C:\Program Files\Java\jre1.8.0_251\bin\verify.dll
0x00007fff19c40000 - 0x00007fff19c69000 	C:\Program Files\Java\jre1.8.0_251\bin\java.dll
0x00007fff20800000 - 0x00007fff20816000 	C:\Program Files\Java\jre1.8.0_251\bin\zip.dll
0x00007fff29170000 - 0x00007fff29855000 	C:\WINDOWS\System32\SHELL32.dll
0x00007fff29a90000 - 0x00007fff29b39000 	C:\WINDOWS\System32\shcore.dll
0x00007fff27f10000 - 0x00007fff28690000 	C:\WINDOWS\System32\windows.storage.dll
0x00007fff27dc0000 - 0x00007fff27de3000 	C:\WINDOWS\System32\profapi.dll
0x00007fff27d70000 - 0x00007fff27dba000 	C:\WINDOWS\System32\powrprof.dll
0x00007fff27d40000 - 0x00007fff27d50000 	C:\WINDOWS\System32\UMPDC.dll
0x00007fff2abd0000 - 0x00007fff2ac22000 	C:\WINDOWS\System32\shlwapi.dll
0x00007fff27d50000 - 0x00007fff27d61000 	C:\WINDOWS\System32\kernel.appcore.dll
0x00007fff28ee0000 - 0x00007fff28ef7000 	C:\WINDOWS\System32\cryptsp.dll
0x00007fff19c20000 - 0x00007fff19c3a000 	C:\Program Files\Java\jre1.8.0_251\bin\net.dll
0x00007fff27550000 - 0x00007fff275b7000 	C:\WINDOWS\system32\mswsock.dll
0x00007fff0cae0000 - 0x00007fff0cb04000 	C:\Program Files\Java\jre1.8.0_251\bin\sunec.dll
0x00007fff27260000 - 0x00007fff2729a000 	C:\WINDOWS\SYSTEM32\IPHLPAPI.DLL
0x00007fff299c0000 - 0x00007fff299c8000 	C:\WINDOWS\System32\NSI.dll
0x00007fff1aec0000 - 0x00007fff1aed6000 	C:\WINDOWS\SYSTEM32\dhcpcsvc6.DLL
0x00007fff1af00000 - 0x00007fff1af1c000 	C:\WINDOWS\SYSTEM32\dhcpcsvc.DLL
0x00007fff272b0000 - 0x00007fff2737a000 	C:\WINDOWS\SYSTEM32\DNSAPI.dll
0x00007fff19c00000 - 0x00007fff19c12000 	C:\Program Files\Java\jre1.8.0_251\bin\nio.dll
0x00007fff270c0000 - 0x00007fff270f3000 	C:\WINDOWS\system32\rsaenh.dll
0x00007fff28f00000 - 0x00007fff28f26000 	C:\WINDOWS\System32\bcrypt.dll
0x00007fff27c30000 - 0x00007fff27c55000 	C:\WINDOWS\SYSTEM32\USERENV.dll
0x00007fff27720000 - 0x00007fff2772c000 	C:\WINDOWS\SYSTEM32\CRYPTBASE.dll
0x00007fff19960000 - 0x00007fff1996a000 	C:\Windows\System32\rasadhlp.dll
0x00007fff1acd0000 - 0x00007fff1ad47000 	C:\WINDOWS\System32\fwpuclnt.dll
0x00007fff247d0000 - 0x00007fff247dc000 	C:\Program Files\Java\jre1.8.0_251\bin\sunmscapi.dll
0x00007fff28bf0000 - 0x00007fff28d39000 	C:\WINDOWS\System32\CRYPT32.dll
0x00007fff27df0000 - 0x00007fff27e02000 	C:\WINDOWS\System32\MSASN1.dll
0x00007fff27820000 - 0x00007fff27846000 	C:\WINDOWS\SYSTEM32\ncrypt.dll
0x00007fff277e0000 - 0x00007fff2781b000 	C:\WINDOWS\SYSTEM32\NTASN1.dll
0x00007fff241f0000 - 0x00007fff243e4000 	C:\WINDOWS\SYSTEM32\dbghelp.dll

VM Arguments:
jvm_args: -ea -Dfile.encoding=Cp1252 
java_command: org.eclipse.jdt.internal.junit.runner.RemoteTestRunner -version 3 -port 49361 -testLoaderClass org.eclipse.jdt.internal.junit4.runner.JUnit4TestLoader -loaderpluginname org.eclipse.jdt.junit4.runtime -classNames Com.Pathway.TestRunner.TestRunner
java_class_path (initial): C:\Users\saiku\git\Pathway\Pathway_Automationscript\target\test-classes;C:\Users\saiku\git\Pathway\Pathway_Automationscript\target\classes;C:\Users\saiku\.m2\repository\org\seleniumhq\selenium\selenium-java\3.14.0\selenium-java-3.14.0.jar;C:\Users\saiku\.m2\repository\org\seleniumhq\selenium\selenium-api\3.14.0\selenium-api-3.14.0.jar;C:\Users\saiku\.m2\repository\org\seleniumhq\selenium\selenium-chrome-driver\3.14.0\selenium-chrome-driver-3.14.0.jar;C:\Users\saiku\.m2\repository\org\seleniumhq\selenium\selenium-edge-driver\3.14.0\selenium-edge-driver-3.14.0.jar;C:\Users\saiku\.m2\repository\org\seleniumhq\selenium\selenium-firefox-driver\3.14.0\selenium-firefox-driver-3.14.0.jar;C:\Users\saiku\.m2\repository\org\seleniumhq\selenium\selenium-ie-driver\3.14.0\selenium-ie-driver-3.14.0.jar;C:\Users\saiku\.m2\repository\org\seleniumhq\selenium\selenium-opera-driver\3.14.0\selenium-opera-driver-3.14.0.jar;C:\Users\saiku\.m2\repository\org\seleniumhq\selenium\selenium-remote-driver\3.14.0\selenium-remote-driver-3.14.0.jar;C:\Users\saiku\.m2\repository\org\seleniumhq\selenium\selenium-safari-driver\3.14.0\selenium-safari-driver-3.14.0.jar;C:\Users\saiku\.m2\repository\org\seleniumhq\selenium\selenium-support\3.14.0\selenium-support-3.14.0.jar;C:\Users\saiku\.m2\repository\net\bytebuddy\byte-buddy\1.8.15\byte-buddy-1.8.15.jar;C:\Users\saiku\.m2\repository\org\apache\commons\commons-exec\1.3\commons-exec-1.3.jar;C:\Users\saiku\.m2\repository\commons-codec\commons-codec\1.10\commons-codec-1.10.jar;C:\Users\saiku\.m2\repository\commons-logging\commons-logging\1.2\commons-logging-1.2.jar;C:\Users\saiku\.m2\repository\com\google\guava\guava\25.0-jre\guava-25.0-jre.jar;C:\Users\saiku\.m2\repository\com\google\code\findbugs\jsr305\1.3.9\jsr305-1.3.9.jar;C:\Users\saiku\.m2\repository\org\checkerframework\checker-compat-qual\2.0.0\checker-compat-qual-2.0.0.jar;C:\Users\saiku\.m2\repository\com\google\errorprone\error_prone_annotations\2.1.3\error_prone_
Launcher Type: SUN_STANDARD

Environment Variables:
JAVA_HOME=C:\Program Files\Java\jdk1.8.0_251
PATH=C:/Program Files/Java/jre1.8.0_251/bin/server;C:/Program Files/Java/jre1.8.0_251/bin;C:/Program Files/Java/jre1.8.0_251/lib/amd64;C:\Program Files (x86)\Common Files\Oracle\Java\javapath;C:\WINDOWS\system32;C:\WINDOWS;C:\WINDOWS\System32\Wbem;C:\WINDOWS\System32\WindowsPowerShell\v1.0\;C:\WINDOWS\System32\OpenSSH\;C:\Program Files\Java\jdk1.8.0_251\bin;C:\Users\saiku\AppData\Local\Microsoft\WindowsApps;;C:\WINDOWS\System32;
USERNAME=saiku
OS=Windows_NT
PROCESSOR_IDENTIFIER=Intel64 Family 6 Model 142 Stepping 11, GenuineIntel



---------------  S Y S T E M  ---------------

OS: Windows 10.0 , 64 bit Build 18362 (10.0.18362.778)

CPU:total 8 (initial active 8) (4 cores per cpu, 2 threads per core) family 6 model 142 stepping 11, cmov, cx8, fxsr, mmx, sse, sse2, sse3, ssse3, sse4.1, sse4.2, popcnt, avx, avx2, aes, clmul, erms, 3dnowpref, lzcnt, ht, tsc, tscinvbit, bmi1, bmi2, adx

Memory: 4k page, physical 8264948k(1408376k free), swap 11299800k(2210760k free)

vm_info: Java HotSpot(TM) 64-Bit Server VM (25.251-b08) for windows-amd64 JRE (1.8.0_251-b08), built on Mar 12 2020 06:31:49 by "" with MS VC++ 10.0 (VS2010)

time: Tue May 12 18:40:38 2020
timezone: India Standard Time
elapsed time: 135 seconds (0d 0h 2m 15s)

