#
# A fatal error has been detected by the Java Runtime Environment:
#
#  EXCEPTION_ACCESS_VIOLATION (0xc0000005) at pc=0x0000000060d00ae0, pid=19344, tid=0x00000000000023c0
#
# JRE version: Java(TM) SE Runtime Environment (8.0_251-b08) (build 1.8.0_251-b08)
# Java VM: Java HotSpot(TM) 64-Bit Server VM (25.251-b08 mixed mode windows-amd64 compressed oops)
# Problematic frame:
# V  [jvm.dll+0xb0ae0]
#
# Failed to write core dump. Minidumps are not enabled by default on client versions of Windows
#
# If you would like to submit a bug report, please visit:
#   http://bugreport.java.com/bugreport/crash.jsp
#

---------------  T H R E A D  ---------------

Current thread (0x0000000003118000):  GCTaskThread [stack: 0x0000000013260000,0x0000000013360000] [id=9152]

siginfo: ExceptionCode=0xc0000005, reading address 0x0000000000000008

Registers:
RAX=0x0000000000000000, RBX=0x00000000e54133b0, RCX=0x00000000e54133b0, RDX=0x0000000000000000
RSP=0x000000001335f988, RBP=0x0000000000000000, RSI=0x0000000018155a80, RDI=0x000000001c3f6ed0
R8 =0x0000000018155a80, R9 =0x00000000283b191f, R10=0x0000000000000007, R11=0x000000001335f9f0
R12=0x00000000612b2148, R13=0x00000000e5413318, R14=0x0000000003118400, R15=0x0000000003118450
RIP=0x0000000060d00ae0, EFLAGS=0x0000000000010246

Top of Stack: (sp=0x000000001335f988)
0x000000001335f988:   0000000061058bf2 00010b18000145b8
0x000000001335f998:   0000000000000003 0000ccc600015861
0x000000001335f9a8:   0000c2f300005824 00000000f5c48000
0x000000001335f9b8:   0000c2f300005825 0000c2f300005811
0x000000001335f9c8:   0000c2f300005824 0000000003118440
0x000000001335f9d8:   0000000003115100 00000000612b2148
0x000000001335f9e8:   0000000061058f60 000000009b985a74
0x000000001335f9f8:   0000000000000000 0000000000000006
0x000000001335fa08:   000000001c3f6ed0 0000000018155a80
0x000000001335fa18:   000000006105c271 0000c2f300005825
0x000000001335fa28:   0000000018155a80 0000000000000000
0x000000001335fa38:   00000000b0b43fc5 000000001c3f6ed0
0x000000001335fa48:   0000000000000000 0000000000000000
0x000000001335fa58:   000000006104ad6e 00000000283b191f
0x000000001335fa68:   0000000003118000 0000000000000000
0x000000001335fa78:   000000009b985a75 0000000003118000 

Instructions: (pc=0x0000000060d00ae0)
0x0000000060d00ac0:   cc e0 1d 00 48 8b 9c 24 d0 00 00 00 48 81 c4 c0
0x0000000060d00ad0:   00 00 00 5d c3 cc cc cc cc cc cc cc cc cc cc cc
0x0000000060d00ae0:   44 8b 42 08 4c 8b ca 45 85 c0 7e 0e 41 f6 c0 01
0x0000000060d00af0:   75 57 41 c1 f8 03 41 8b c0 c3 79 4d 80 3d ae b0 


Register to memory mapping:

RAX=0x0000000000000000 is an unknown value
RBX=0x00000000e54133b0 is an oop

[error occurred during error reporting (printing register info), id 0xc0000005]

Stack: [0x0000000013260000,0x0000000013360000],  sp=0x000000001335f988,  free space=1022k
Native frames: (J=compiled Java code, j=interpreted, Vv=VM code, C=native code)


---------------  P R O C E S S  ---------------

Java Threads: ( => current thread )
  0x000000001b0e7800 JavaThread "ReaderThread" [_thread_in_native, id=18476, stack(0x000000001b640000,0x000000001b740000)]
  0x000000001a10b800 JavaThread "Service Thread" daemon [_thread_blocked, id=18848, stack(0x000000001ac40000,0x000000001ad40000)]
  0x000000001a088000 JavaThread "C1 CompilerThread3" daemon [_thread_blocked, id=18536, stack(0x000000001ab40000,0x000000001ac40000)]
  0x000000001a084000 JavaThread "C2 CompilerThread2" daemon [_thread_blocked, id=18340, stack(0x000000001aa40000,0x000000001ab40000)]
  0x000000001a074800 JavaThread "C2 CompilerThread1" daemon [_thread_blocked, id=3136, stack(0x000000001a940000,0x000000001aa40000)]
  0x000000001a070000 JavaThread "C2 CompilerThread0" daemon [_thread_blocked, id=15964, stack(0x000000001a840000,0x000000001a940000)]
  0x000000001a06d000 JavaThread "Attach Listener" daemon [_thread_blocked, id=18756, stack(0x000000001a740000,0x000000001a840000)]
  0x000000001a06c000 JavaThread "Signal Dispatcher" daemon [_thread_blocked, id=15324, stack(0x000000001a640000,0x000000001a740000)]
  0x000000001a060800 JavaThread "Finalizer" daemon [_thread_blocked, id=18444, stack(0x000000001a440000,0x000000001a540000)]
  0x000000001815d000 JavaThread "Reference Handler" daemon [_thread_blocked, id=9784, stack(0x0000000019f40000,0x000000001a040000)]
  0x00000000030f5800 JavaThread "main" [_thread_blocked, id=21336, stack(0x0000000002ff0000,0x00000000030f0000)]

Other Threads:
  0x0000000018158000 VMThread [stack: 0x0000000019e40000,0x0000000019f40000] [id=12604]
  0x000000001a14e000 WatcherThread [stack: 0x000000001ad40000,0x000000001ae40000] [id=15968]

=>0x0000000003118000 (exited) GCTaskThread [stack: 0x0000000013260000,0x0000000013360000] [id=9152]

VM state:at safepoint (normal execution)

VM Mutex/Monitor currently owned by a thread:  ([mutex/lock_event])
[0x00000000030f24d0] Threads_lock - owner thread: 0x0000000018158000
[0x00000000030f2cd0] Heap_lock - owner thread: 0x00000000030f5800

heap address: 0x0000000081e00000, size: 2018 MB, Compressed Oops mode: 32-bit
Narrow klass base: 0x0000000000000000, Narrow klass shift: 3
Compressed class space size: 1073741824 Address: 0x0000000100000000

Heap:
 PSYoungGen      total 449024K, used 449016K [0x00000000d5f80000, 0x0000000100000000, 0x0000000100000000)
  eden space 219648K, 100% used [0x00000000d5f80000,0x00000000e3600000,0x00000000e3600000)
  from space 229376K, 99% used [0x00000000e3600000,0x00000000f15fe288,0x00000000f1600000)
  to   space 229376K, 27% used [0x00000000f2000000,0x00000000f5c98000,0x0000000100000000)
 ParOldGen       total 769024K, used 767444K [0x0000000081e00000, 0x00000000b0d00000, 0x00000000d5f80000)
  object space 769024K, 99% used [0x0000000081e00000,0x00000000b0b75180,0x00000000b0d00000)
 Metaspace       used 17241K, capacity 17434K, committed 17792K, reserved 1064960K
  class space    used 2263K, capacity 2327K, committed 2432K, reserved 1048576K

Card table byte_map: [0x00000000125b0000,0x00000000129b0000] byte_map_base: 0x00000000121a1000

Marking Bits: (ParMarkBitMap*) 0x000000006147af90
 Begin Bits: [0x0000000013460000, 0x00000000153e8000)
 End Bits:   [0x00000000153e8000, 0x0000000017370000)

Polling page: 0x0000000001620000

CodeCache: size=245760Kb used=8760Kb max_used=10149Kb free=236999Kb
 bounds [0x00000000031f0000, 0x0000000003bf0000, 0x00000000121f0000]
 total_blobs=2635 nmethods=2263 adapters=284
 compilation: enabled

Compilation events (10 events):
Event: 10.577 Thread 0x000000001a074800 2677   !   4       org.apache.poi.xssf.model.SharedStringsTable::readFrom (132 bytes)
Event: 10.617 Thread 0x000000001a074800 nmethod 2677 0x0000000003797410 code [0x0000000003797660, 0x0000000003798a80]
Event: 10.635 Thread 0x000000001a088000 2678       3       com.sun.org.apache.xerces.internal.impl.XMLEntityManager::setScannerVersion (115 bytes)
Event: 10.635 Thread 0x000000001a088000 nmethod 2678 0x00000000033a2750 code [0x00000000033a2920, 0x00000000033a3218]
Event: 10.635 Thread 0x000000001a088000 2679       3       com.sun.org.apache.xerces.internal.util.XMLResourceIdentifierImpl::setValues (28 bytes)
Event: 10.635 Thread 0x000000001a088000 nmethod 2679 0x00000000035a2cd0 code [0x00000000035a2e20, 0x00000000035a2fd0]
Event: 10.636 Thread 0x000000001a088000 2680       3       com.sun.org.apache.xerces.internal.jaxp.SAXParserFactoryImpl::putInFeatures (43 bytes)
Event: 10.636 Thread 0x000000001a088000 nmethod 2680 0x0000000003631ad0 code [0x0000000003631c60, 0x00000000036320a8]
Event: 10.636 Thread 0x000000001a088000 2681       3       java.util.Stack::<init> (5 bytes)
Event: 10.636 Thread 0x000000001a088000 nmethod 2681 0x00000000035b7910 code [0x00000000035b7a80, 0x00000000035b7ce8]

GC Heap History (10 events):
Event: 10.131 GC heap after
Heap after GC invocations=33 (full 6):
 PSYoungGen      total 459264K, used 64864K [0x00000000d5f80000, 0x0000000100000000, 0x0000000100000000)
  eden space 229888K, 0% used [0x00000000d5f80000,0x00000000d5f80000,0x00000000e4000000)
  from space 229376K, 28% used [0x00000000e4000000,0x00000000e7f58000,0x00000000f2000000)
  to   space 229376K, 0% used [0x00000000f2000000,0x00000000f2000000,0x0000000100000000)
 ParOldGen       total 757248K, used 308357K [0x0000000081e00000, 0x00000000b0180000, 0x00000000d5f80000)
  object space 757248K, 40% used [0x0000000081e00000,0x0000000094b21690,0x00000000b0180000)
 Metaspace       used 17200K, capacity 17370K, committed 17792K, reserved 1064960K
  class space    used 2263K, capacity 2327K, committed 2432K, reserved 1048576K
}
Event: 10.420 GC heap before
{Heap before GC invocations=34 (full 6):
 PSYoungGen      total 459264K, used 294630K [0x00000000d5f80000, 0x0000000100000000, 0x0000000100000000)
  eden space 229888K, 99% used [0x00000000d5f80000,0x00000000e3fe1ae0,0x00000000e4000000)
  from space 229376K, 28% used [0x00000000e4000000,0x00000000e7f58000,0x00000000f2000000)
  to   space 229376K, 0% used [0x00000000f2000000,0x00000000f2000000,0x0000000100000000)
 ParOldGen       total 757248K, used 308357K [0x0000000081e00000, 0x00000000b0180000, 0x00000000d5f80000)
  object space 757248K, 40% used [0x0000000081e00000,0x0000000094b21690,0x00000000b0180000)
 Metaspace       used 17225K, capacity 17434K, committed 17792K, reserved 1064960K
  class space    used 2263K, capacity 2327K, committed 2432K, reserved 1048576K
Event: 10.485 GC heap after
Heap after GC invocations=34 (full 6):
 PSYoungGen      total 456192K, used 80014K [0x00000000d5f80000, 0x00000000ffd00000, 0x0000000100000000)
  eden space 229888K, 0% used [0x00000000d5f80000,0x00000000d5f80000,0x00000000e4000000)
  from space 226304K, 35% used [0x00000000f2000000,0x00000000f6e23b60,0x00000000ffd00000)
  to   space 227840K, 0% used [0x00000000e4000000,0x00000000e4000000,0x00000000f1e80000)
 ParOldGen       total 757248K, used 373333K [0x0000000081e00000, 0x00000000b0180000, 0x00000000d5f80000)
  object space 757248K, 49% used [0x0000000081e00000,0x0000000098a95690,0x00000000b0180000)
 Metaspace       used 17225K, capacity 17434K, committed 17792K, reserved 1064960K
  class space    used 2263K, capacity 2327K, committed 2432K, reserved 1048576K
}
Event: 10.585 GC heap before
{Heap before GC invocations=35 (full 6):
 PSYoungGen      total 456192K, used 309902K [0x00000000d5f80000, 0x00000000ffd00000, 0x0000000100000000)
  eden space 229888K, 100% used [0x00000000d5f80000,0x00000000e4000000,0x00000000e4000000)
  from space 226304K, 35% used [0x00000000f2000000,0x00000000f6e23b60,0x00000000ffd00000)
  to   space 227840K, 0% used [0x00000000e4000000,0x00000000e4000000,0x00000000f1e80000)
 ParOldGen       total 757248K, used 373333K [0x0000000081e00000, 0x00000000b0180000, 0x00000000d5f80000)
  object space 757248K, 49% used [0x0000000081e00000,0x0000000098a95690,0x00000000b0180000)
 Metaspace       used 17239K, capacity 17434K, committed 17792K, reserved 1064960K
  class space    used 2263K, capacity 2327K, committed 2432K, reserved 1048576K
Event: 10.616 GC heap after
Heap after GC invocations=35 (full 6):
 PSYoungGen      total 320000K, used 89721K [0x00000000d5f80000, 0x00000000fe780000, 0x0000000100000000)
  eden space 229888K, 0% used [0x00000000d5f80000,0x00000000d5f80000,0x00000000e4000000)
  from space 90112K, 99% used [0x00000000e4000000,0x00000000e979e528,0x00000000e9800000)
  to   space 214528K, 0% used [0x00000000f1600000,0x00000000f1600000,0x00000000fe780000)
 ParOldGen       total 757248K, used 373341K [0x0000000081e00000, 0x00000000b0180000, 0x00000000d5f80000)
  object space 757248K, 49% used [0x0000000081e00000,0x0000000098a97690,0x00000000b0180000)
 Metaspace       used 17239K, capacity 17434K, committed 17792K, reserved 1064960K
  class space    used 2263K, capacity 2327K, committed 2432K, reserved 1048576K
}
Event: 10.904 GC heap before
{Heap before GC invocations=36 (full 6):
 PSYoungGen      total 320000K, used 319609K [0x00000000d5f80000, 0x00000000fe780000, 0x0000000100000000)
  eden space 229888K, 100% used [0x00000000d5f80000,0x00000000e4000000,0x00000000e4000000)
  from space 90112K, 99% used [0x00000000e4000000,0x00000000e979e528,0x00000000e9800000)
  to   space 214528K, 0% used [0x00000000f1600000,0x00000000f1600000,0x00000000fe780000)
 ParOldGen       total 757248K, used 373341K [0x0000000081e00000, 0x00000000b0180000, 0x00000000d5f80000)
  object space 757248K, 49% used [0x0000000081e00000,0x0000000098a97690,0x00000000b0180000)
 Metaspace       used 17241K, capacity 17434K, committed 17792K, reserved 1064960K
  class space    used 2263K, capacity 2327K, committed 2432K, reserved 1048576K
Event: 10.969 GC heap after
Heap after GC invocations=36 (full 6):
 PSYoungGen      total 434176K, used 214504K [0x00000000d5f80000, 0x0000000100000000, 0x0000000100000000)
  eden space 219648K, 0% used [0x00000000d5f80000,0x00000000d5f80000,0x00000000e3600000)
  from space 214528K, 99% used [0x00000000f1600000,0x00000000fe77a338,0x00000000fe780000)
  to   space 229376K, 0% used [0x00000000e3600000,0x00000000e3600000,0x00000000f1600000)
 ParOldGen       total 757248K, used 430207K [0x0000000081e00000, 0x00000000b0180000, 0x00000000d5f80000)
  object space 757248K, 56% used [0x0000000081e00000,0x000000009c21fd60,0x00000000b0180000)
 Metaspace       used 17241K, capacity 17434K, committed 17792K, reserved 1064960K
  class space    used 2263K, capacity 2327K, committed 2432K, reserved 1048576K
}
Event: 11.251 GC heap before
{Heap before GC invocations=37 (full 6):
 PSYoungGen      total 434176K, used 434152K [0x00000000d5f80000, 0x0000000100000000, 0x0000000100000000)
  eden space 219648K, 100% used [0x00000000d5f80000,0x00000000e3600000,0x00000000e3600000)
  from space 214528K, 99% used [0x00000000f1600000,0x00000000fe77a338,0x00000000fe780000)
  to   space 229376K, 0% used [0x00000000e3600000,0x00000000e3600000,0x00000000f1600000)
 ParOldGen       total 757248K, used 430207K [0x0000000081e00000, 0x00000000b0180000, 0x00000000d5f80000)
  object space 757248K, 56% used [0x0000000081e00000,0x000000009c21fd60,0x00000000b0180000)
 Metaspace       used 17241K, capacity 17434K, committed 17792K, reserved 1064960K
  class space    used 2263K, capacity 2327K, committed 2432K, reserved 1048576K
Event: 11.345 GC heap after
Heap after GC invocations=37 (full 6):
 PSYoungGen      total 449024K, used 229368K [0x00000000d5f80000, 0x0000000100000000, 0x0000000100000000)
  eden space 219648K, 0% used [0x00000000d5f80000,0x00000000d5f80000,0x00000000e3600000)
  from space 229376K, 99% used [0x00000000e3600000,0x00000000f15fe288,0x00000000f1600000)
  to   space 229376K, 0% used [0x00000000f2000000,0x00000000f2000000,0x0000000100000000)
 ParOldGen       total 757248K, used 542308K [0x0000000081e00000, 0x00000000b0180000, 0x00000000d5f80000)
  object space 757248K, 71% used [0x0000000081e00000,0x00000000a2f993b8,0x00000000b0180000)
 Metaspace       used 17241K, capacity 17434K, committed 17792K, reserved 1064960K
  class space    used 2263K, capacity 2327K, committed 2432K, reserved 1048576K
}
Event: 11.568 GC heap before
{Heap before GC invocations=38 (full 6):
 PSYoungGen      total 449024K, used 449016K [0x00000000d5f80000, 0x0000000100000000, 0x0000000100000000)
  eden space 219648K, 100% used [0x00000000d5f80000,0x00000000e3600000,0x00000000e3600000)
  from space 229376K, 99% used [0x00000000e3600000,0x00000000f15fe288,0x00000000f1600000)
  to   space 229376K, 0% used [0x00000000f2000000,0x00000000f2000000,0x0000000100000000)
 ParOldGen       total 757248K, used 542308K [0x0000000081e00000, 0x00000000b0180000, 0x00000000d5f80000)
  object space 757248K, 71% used [0x0000000081e00000,0x00000000a2f993b8,0x00000000b0180000)
 Metaspace       used 17241K, capacity 17434K, committed 17792K, reserved 1064960K
  class space    used 2263K, capacity 2327K, committed 2432K, reserved 1048576K

Deoptimization events (10 events):
Event: 7.009 Thread 0x00000000030f5800 Uncommon trap: reason=speculate_class_check action=maybe_recompile pc=0x0000000003b56f84 method=org.apache.xmlbeans.impl.values.XmlObjectBase.getStringValue()Ljava/lang/String; @ 86
Event: 7.009 Thread 0x00000000030f5800 Uncommon trap: reason=speculate_class_check action=maybe_recompile pc=0x0000000003b56f84 method=org.apache.xmlbeans.impl.values.XmlObjectBase.getStringValue()Ljava/lang/String; @ 86
Event: 7.055 Thread 0x00000000030f5800 Uncommon trap: reason=class_check action=maybe_recompile pc=0x0000000003a8996c method=org.apache.xmlbeans.impl.store.Xobj.compute_flags()I @ 29
Event: 7.056 Thread 0x00000000030f5800 Uncommon trap: reason=bimorphic action=maybe_recompile pc=0x000000000395b0ac method=org.apache.xmlbeans.impl.values.XmlObjectBase.create_element_user(Ljavax/xml/namespace/QName;Ljavax/xml/namespace/QName;)Lorg/apache/xmlbeans/impl/values/TypeStoreUser; @ 
Event: 7.056 Thread 0x00000000030f5800 Uncommon trap: reason=unstable_if action=reinterpret pc=0x0000000003ae29e4 method=org.apache.xmlbeans.impl.store.Cur.next()Z @ 240
Event: 7.057 Thread 0x00000000030f5800 Uncommon trap: reason=class_check action=maybe_recompile pc=0x0000000003a8996c method=org.apache.xmlbeans.impl.store.Xobj.compute_flags()I @ 29
Event: 7.057 Thread 0x00000000030f5800 Uncommon trap: reason=class_check action=maybe_recompile pc=0x0000000003a8996c method=org.apache.xmlbeans.impl.store.Xobj.compute_flags()I @ 29
Event: 7.057 Thread 0x00000000030f5800 Uncommon trap: reason=class_check action=maybe_recompile pc=0x0000000003a709b4 method=org.apache.xmlbeans.impl.store.Xobj.compute_flags()I @ 29
Event: 8.514 Thread 0x00000000030f5800 Uncommon trap: reason=class_check action=maybe_recompile pc=0x0000000003b5ccd8 method=org.apache.xmlbeans.impl.store.Locale$ScrubBuffer.scrub(Ljava/lang/Object;II)V @ 25
Event: 8.593 Thread 0x00000000030f5800 Uncommon trap: reason=class_check action=maybe_recompile pc=0x0000000003b5ccd8 method=org.apache.xmlbeans.impl.store.Locale$ScrubBuffer.scrub(Ljava/lang/Object;II)V @ 25

Classes redefined (0 events):
No events

Internal exceptions (10 events):
Event: 1.021 Thread 0x00000000030f5800 Exception <a 'java/security/PrivilegedActionException'> (0x00000000d65ec978) thrown at [C:\jenkins\workspace\8-2-build-windows-amd64-cygwin\jdk8u251\737\hotspot\src\share\vm\prims\jvm.cpp, line 1502]
Event: 1.023 Thread 0x00000000030f5800 Exception <a 'java/security/PrivilegedActionException'> (0x00000000d660bb10) thrown at [C:\jenkins\workspace\8-2-build-windows-amd64-cygwin\jdk8u251\737\hotspot\src\share\vm\prims\jvm.cpp, line 1502]
Event: 1.023 Thread 0x00000000030f5800 Exception <a 'java/security/PrivilegedActionException'> (0x00000000d660c0f0) thrown at [C:\jenkins\workspace\8-2-build-windows-amd64-cygwin\jdk8u251\737\hotspot\src\share\vm\prims\jvm.cpp, line 1502]
Event: 1.023 Thread 0x00000000030f5800 Exception <a 'java/security/PrivilegedActionException'> (0x00000000d661a1d0) thrown at [C:\jenkins\workspace\8-2-build-windows-amd64-cygwin\jdk8u251\737\hotspot\src\share\vm\prims\jvm.cpp, line 1502]
Event: 1.023 Thread 0x00000000030f5800 Exception <a 'java/security/PrivilegedActionException'> (0x00000000d661a998) thrown at [C:\jenkins\workspace\8-2-build-windows-amd64-cygwin\jdk8u251\737\hotspot\src\share\vm\prims\jvm.cpp, line 1502]
Event: 1.024 Thread 0x00000000030f5800 Exception <a 'java/security/PrivilegedActionException'> (0x00000000d6628d48) thrown at [C:\jenkins\workspace\8-2-build-windows-amd64-cygwin\jdk8u251\737\hotspot\src\share\vm\prims\jvm.cpp, line 1502]
Event: 1.024 Thread 0x00000000030f5800 Exception <a 'java/security/PrivilegedActionException'> (0x00000000d6629328) thrown at [C:\jenkins\workspace\8-2-build-windows-amd64-cygwin\jdk8u251\737\hotspot\src\share\vm\prims\jvm.cpp, line 1502]
Event: 1.024 Thread 0x00000000030f5800 Exception <a 'java/security/PrivilegedActionException'> (0x00000000d666dd48) thrown at [C:\jenkins\workspace\8-2-build-windows-amd64-cygwin\jdk8u251\737\hotspot\src\share\vm\prims\jvm.cpp, line 1502]
Event: 1.024 Thread 0x00000000030f5800 Exception <a 'java/security/PrivilegedActionException'> (0x00000000d666e510) thrown at [C:\jenkins\workspace\8-2-build-windows-amd64-cygwin\jdk8u251\737\hotspot\src\share\vm\prims\jvm.cpp, line 1502]
Event: 4.897 Thread 0x00000000030f5800 Implicit null exception at 0x0000000003991dd3 to 0x000000000399220b

Events (10 events):
Event: 10.616 Executing VM operation: ParallelGCFailedAllocation done
Event: 10.635 loading class org/apache/xerces/util/SecurityManager
Event: 10.635 loading class org/apache/xerces/util/SecurityManager done
Event: 10.636 loading class org/apache/xerces/util/SecurityManager
Event: 10.636 loading class org/apache/xerces/util/SecurityManager done
Event: 10.904 Executing VM operation: ParallelGCFailedAllocation
Event: 10.969 Executing VM operation: ParallelGCFailedAllocation done
Event: 11.251 Executing VM operation: ParallelGCFailedAllocation
Event: 11.345 Executing VM operation: ParallelGCFailedAllocation done
Event: 11.568 Executing VM operation: ParallelGCFailedAllocation


Dynamic libraries:
0x00007ff642e00000 - 0x00007ff642e37000 	C:\Program Files\Java\jre1.8.0_251\bin\javaw.exe
0x00007fff2ae80000 - 0x00007fff2b070000 	C:\WINDOWS\SYSTEM32\ntdll.dll
0x00007fff299d0000 - 0x00007fff29a82000 	C:\WINDOWS\System32\KERNEL32.DLL
0x00007fff28760000 - 0x00007fff28a03000 	C:\WINDOWS\System32\KERNELBASE.dll
0x00007fff2ad90000 - 0x00007fff2ae33000 	C:\WINDOWS\System32\ADVAPI32.dll
0x00007fff290d0000 - 0x00007fff2916e000 	C:\WINDOWS\System32\msvcrt.dll
0x00007fff2a970000 - 0x00007fff2aa07000 	C:\WINDOWS\System32\sechost.dll
0x00007fff29e60000 - 0x00007fff29f80000 	C:\WINDOWS\System32\RPCRT4.dll
0x00007fff28f30000 - 0x00007fff290c4000 	C:\WINDOWS\System32\USER32.dll
0x00007fff28730000 - 0x00007fff28751000 	C:\WINDOWS\System32\win32u.dll
0x00007fff29c80000 - 0x00007fff29ca6000 	C:\WINDOWS\System32\GDI32.dll
0x00007fff28d40000 - 0x00007fff28ed4000 	C:\WINDOWS\System32\gdi32full.dll
0x00007fff28690000 - 0x00007fff2872e000 	C:\WINDOWS\System32\msvcp_win.dll
0x00007fff27e10000 - 0x00007fff27f0a000 	C:\WINDOWS\System32\ucrtbase.dll
0x00007fff125d0000 - 0x00007fff12855000 	C:\WINDOWS\WinSxS\amd64_microsoft.windows.common-controls_6595b64144ccf1df_6.0.18362.778_none_e6c6b761130d4fb8\COMCTL32.dll
0x00007fff2a060000 - 0x00007fff2a396000 	C:\WINDOWS\System32\combase.dll
0x00007fff28ac0000 - 0x00007fff28b40000 	C:\WINDOWS\System32\bcryptPrimitives.dll
0x00007fff298e0000 - 0x00007fff2990e000 	C:\WINDOWS\System32\IMM32.DLL
0x00000000608f0000 - 0x00000000609c2000 	C:\Program Files\Java\jre1.8.0_251\bin\msvcr100.dll
0x0000000060c50000 - 0x00000000614fb000 	C:\Program Files\Java\jre1.8.0_251\bin\server\jvm.dll
0x00007fff2a400000 - 0x00007fff2a408000 	C:\WINDOWS\System32\PSAPI.DLL
0x00007fff24a00000 - 0x00007fff24a24000 	C:\WINDOWS\SYSTEM32\WINMM.dll
0x00007fff1afb0000 - 0x00007fff1afba000 	C:\WINDOWS\SYSTEM32\VERSION.dll
0x00007ffefe6e0000 - 0x00007ffefe6e9000 	C:\WINDOWS\SYSTEM32\WSOCK32.dll
0x00007fff29f80000 - 0x00007fff29fef000 	C:\WINDOWS\System32\WS2_32.dll
0x00007fff249d0000 - 0x00007fff249fd000 	C:\WINDOWS\SYSTEM32\WINMMBASE.dll
0x00007fff28a70000 - 0x00007fff28aba000 	C:\WINDOWS\System32\cfgmgr32.dll
0x00007fff24860000 - 0x00007fff2486f000 	C:\Program Files\Java\jre1.8.0_251\bin\verify.dll
0x00007fff17510000 - 0x00007fff17539000 	C:\Program Files\Java\jre1.8.0_251\bin\java.dll
0x00007fff0be30000 - 0x00007fff0be46000 	C:\Program Files\Java\jre1.8.0_251\bin\zip.dll
0x00007fff29170000 - 0x00007fff29855000 	C:\WINDOWS\System32\SHELL32.dll
0x00007fff29a90000 - 0x00007fff29b39000 	C:\WINDOWS\System32\shcore.dll
0x00007fff27f10000 - 0x00007fff28690000 	C:\WINDOWS\System32\windows.storage.dll
0x00007fff27dc0000 - 0x00007fff27de3000 	C:\WINDOWS\System32\profapi.dll
0x00007fff27d70000 - 0x00007fff27dba000 	C:\WINDOWS\System32\powrprof.dll
0x00007fff27d40000 - 0x00007fff27d50000 	C:\WINDOWS\System32\UMPDC.dll
0x00007fff2abd0000 - 0x00007fff2ac22000 	C:\WINDOWS\System32\shlwapi.dll
0x00007fff27d50000 - 0x00007fff27d61000 	C:\WINDOWS\System32\kernel.appcore.dll
0x00007fff28ee0000 - 0x00007fff28ef7000 	C:\WINDOWS\System32\cryptsp.dll
0x00007fff0b7c0000 - 0x00007fff0b7da000 	C:\Program Files\Java\jre1.8.0_251\bin\net.dll
0x00007fff27550000 - 0x00007fff275b7000 	C:\WINDOWS\system32\mswsock.dll
0x00007fff241f0000 - 0x00007fff243e4000 	C:\WINDOWS\SYSTEM32\dbghelp.dll

VM Arguments:
jvm_args: -ea -Dfile.encoding=Cp1252 
java_command: org.eclipse.jdt.internal.junit.runner.RemoteTestRunner -version 3 -port 56832 -testLoaderClass org.eclipse.jdt.internal.junit4.runner.JUnit4TestLoader -loaderpluginname org.eclipse.jdt.junit4.runtime -classNames Com.Pathway.TestRunner.TestRunner
java_class_path (initial): C:\Users\saiku\git\Pathway\Pathway_Automationscript\target\test-classes;C:\Users\saiku\git\Pathway\Pathway_Automationscript\target\classes;C:\Users\saiku\.m2\repository\org\seleniumhq\selenium\selenium-java\3.14.0\selenium-java-3.14.0.jar;C:\Users\saiku\.m2\repository\org\seleniumhq\selenium\selenium-api\3.14.0\selenium-api-3.14.0.jar;C:\Users\saiku\.m2\repository\org\seleniumhq\selenium\selenium-chrome-driver\3.14.0\selenium-chrome-driver-3.14.0.jar;C:\Users\saiku\.m2\repository\org\seleniumhq\selenium\selenium-edge-driver\3.14.0\selenium-edge-driver-3.14.0.jar;C:\Users\saiku\.m2\repository\org\seleniumhq\selenium\selenium-firefox-driver\3.14.0\selenium-firefox-driver-3.14.0.jar;C:\Users\saiku\.m2\repository\org\seleniumhq\selenium\selenium-ie-driver\3.14.0\selenium-ie-driver-3.14.0.jar;C:\Users\saiku\.m2\repository\org\seleniumhq\selenium\selenium-opera-driver\3.14.0\selenium-opera-driver-3.14.0.jar;C:\Users\saiku\.m2\repository\org\seleniumhq\selenium\selenium-remote-driver\3.14.0\selenium-remote-driver-3.14.0.jar;C:\Users\saiku\.m2\repository\org\seleniumhq\selenium\selenium-safari-driver\3.14.0\selenium-safari-driver-3.14.0.jar;C:\Users\saiku\.m2\repository\org\seleniumhq\selenium\selenium-support\3.14.0\selenium-support-3.14.0.jar;C:\Users\saiku\.m2\repository\net\bytebuddy\byte-buddy\1.8.15\byte-buddy-1.8.15.jar;C:\Users\saiku\.m2\repository\org\apache\commons\commons-exec\1.3\commons-exec-1.3.jar;C:\Users\saiku\.m2\repository\commons-codec\commons-codec\1.10\commons-codec-1.10.jar;C:\Users\saiku\.m2\repository\commons-logging\commons-logging\1.2\commons-logging-1.2.jar;C:\Users\saiku\.m2\repository\com\google\guava\guava\25.0-jre\guava-25.0-jre.jar;C:\Users\saiku\.m2\repository\com\google\code\findbugs\jsr305\1.3.9\jsr305-1.3.9.jar;C:\Users\saiku\.m2\repository\org\checkerframework\checker-compat-qual\2.0.0\checker-compat-qual-2.0.0.jar;C:\Users\saiku\.m2\repository\com\google\errorprone\error_prone_annotations\2.1.3\error_prone_
Launcher Type: SUN_STANDARD

Environment Variables:
PATH=C:/Program Files/Java/jre1.8.0_251/bin/server;C:/Program Files/Java/jre1.8.0_251/bin;C:/Program Files/Java/jre1.8.0_251/lib/amd64;C:\Program Files (x86)\Common Files\Oracle\Java\javapath;C:\WINDOWS\system32;C:\WINDOWS;C:\WINDOWS\System32\Wbem;C:\WINDOWS\System32\WindowsPowerShell\v1.0\;C:\WINDOWS\System32\OpenSSH\;C:\Program Files\Java\jdk1.8.0_251\bin;C:\Users\saiku\AppData\Local\Microsoft\WindowsApps;;C:\WINDOWS\System32;
USERNAME=saiku
OS=Windows_NT
PROCESSOR_IDENTIFIER=Intel64 Family 6 Model 142 Stepping 11, GenuineIntel



---------------  S Y S T E M  ---------------

OS: Windows 10.0 , 64 bit Build 18362 (10.0.18362.778)

CPU:total 8 (initial active 8) (4 cores per cpu, 2 threads per core) family 6 model 142 stepping 11, cmov, cx8, fxsr, mmx, sse, sse2, sse3, ssse3, sse4.1, sse4.2, popcnt, avx, avx2, aes, clmul, erms, 3dnowpref, lzcnt, ht, tsc, tscinvbit, bmi1, bmi2, adx

Memory: 4k page, physical 8264948k(1422464k free), swap 11262808k(2060592k free)

vm_info: Java HotSpot(TM) 64-Bit Server VM (25.251-b08) for windows-amd64 JRE (1.8.0_251-b08), built on Mar 12 2020 06:31:49 by "" with MS VC++ 10.0 (VS2010)

time: Tue May 12 14:38:59 2020
timezone: India Standard Time
elapsed time: 11 seconds (0d 0h 0m 11s)

