#
# A fatal error has been detected by the Java Runtime Environment:
#
#  EXCEPTION_ACCESS_VIOLATION (0xc0000005) at pc=0x00000000032749a8, pid=17132, tid=0x0000000000000bd8
#
# JRE version: Java(TM) SE Runtime Environment (8.0_251-b08) (build 1.8.0_251-b08)
# Java VM: Java HotSpot(TM) 64-Bit Server VM (25.251-b08 mixed mode windows-amd64 compressed oops)
# Problematic frame:
# J 2072 C2 org.openxmlformats.schemas.spreadsheetml.x2006.main.impl.CTCellImpl.getR()Ljava/lang/String; (51 bytes) @ 0x00000000032749a8 [0x0000000003274640+0x368]
#
# Failed to write core dump. Minidumps are not enabled by default on client versions of Windows
#
# If you would like to submit a bug report, please visit:
#   http://bugreport.java.com/bugreport/crash.jsp
#

---------------  T H R E A D  ---------------

Current thread (0x00000000029b5800):  JavaThread "main" [_thread_in_Java, id=3032, stack(0x00000000028b0000,0x00000000029b0000)]

siginfo: ExceptionCode=0xc0000005, reading address 0x0000000000040008

Registers:
RAX=0x0000000000040000, RBX=0x0000000082103b08, RCX=0x0000000000000001, RDX=0x0000000082103e18
RSP=0x00000000029adc10, RBP=0x0000000000000000, RSI=0x00000001001f5070, RDI=0x00000000820b4520
R8 =0x00000000822dbc10, R9 =0x0000000000000001, R10=0x0000000000000023, R11=0x0000000000040000
R12=0x0000000000000000, R13=0x0000000000000003, R14=0x00000000902e96d8, R15=0x00000000029b5800
RIP=0x00000000032749a8, EFLAGS=0x0000000000010246

Top of Stack: (sp=0x00000000029adc10)
0x00000000029adc10:   00000000902d4f78 0000000082230918
0x00000000029adc20:   0000000081e13b48 0000000082285f10
0x00000000029adc30:   0000000100017bf0 00000000846ea220
0x00000000029adc40:   00000000de8f1be8 0000000003283bea
0x00000000029adc50:   00000000de8f1a20 0000000100017bf0
0x00000000029adc60:   00000000de8f1a90 00000000de8f1a40
0x00000000029adc70:   00000000de8f1bd0 00000000de8f1af8
0x00000000029adc80:   00000000de8e6fd8 de8f1a00820c89f0
0x00000000029adc90:   0000000f00000010 00000000de8f1b18
0x00000000029adca0:   00000000de8f1b58 0000000000000002
0x00000000029adcb0:   00000006de8f1a58 0000000100000006
0x00000000029adcc0:   00000006de8f1a58 00000000ffffffff
0x00000000029adcd0:   00000001000016d0 000000000000006d
0x00000000029adce0:   0000000081e00560 0000000182310480
0x00000000029adcf0:   00000000de8e7940 0000000003293af4
0x00000000029add00:   0000000011a61000 00000000034513ac 

Instructions: (pc=0x00000000032749a8)
0x0000000003274988:   89 94 24 80 00 00 00 4c 89 44 24 28 89 94 24 84
0x0000000003274998:   00 00 00 89 6c 24 6c 49 8b d6 90 e8 f8 fd fa ff
0x00000000032749a8:   44 8b 50 08 41 81 fa 44 5e 04 20 0f 85 30 2d 00
0x00000000032749b8:   00 4c 8b d8 45 8b 53 0c 45 8b ca 41 81 e1 00 10 


Register to memory mapping:

RAX=0x0000000000040000 is an unknown value
RBX=0x0000000082103b08 is an oop
[C 
 - klass: {type array char}
 - length: 1
RCX=0x0000000000000001 is an unknown value
RDX=0x0000000082103e18 is pointing into object: 0x0000000082103e08
[C 
 - klass: {type array char}
 - length: 5
RSP=0x00000000029adc10 is pointing into the stack for thread: 0x00000000029b5800
RBP=0x0000000000000000 is an unknown value
RSI=0x00000001001f5070 is pointing into metadata
RDI=0x00000000820b4520 is an oop
[C 
 - klass: {type array char}
 - length: 0
R8 =0x00000000822dbc10 is an oop
javax.xml.namespace.QName 
 - klass: 'javax/xml/namespace/QName'
R9 =0x0000000000000001 is an unknown value
R10=0x0000000000000023 is an unknown value
R11=0x0000000000040000 is an unknown value
R12=0x0000000000000000 is an unknown value
R13=0x0000000000000003 is an unknown value
R14=0x00000000902e96d8 is an oop
org.apache.xmlbeans.impl.store.Xobj$AttrXobj 
 - klass: 'org/apache/xmlbeans/impl/store/Xobj$AttrXobj'
R15=0x00000000029b5800 is a thread


Stack: [0x00000000028b0000,0x00000000029b0000],  sp=0x00000000029adc10,  free space=1015k
Native frames: (J=compiled Java code, j=interpreted, Vv=VM code, C=native code)


---------------  P R O C E S S  ---------------

Java Threads: ( => current thread )
  0x000000001c7ab000 JavaThread "Okio Watchdog" daemon [_thread_blocked, id=15824, stack(0x000000001f7c0000,0x000000001f8c0000)]
  0x000000001c314800 JavaThread "OkHttp ConnectionPool" daemon [_thread_blocked, id=18248, stack(0x000000001f6c0000,0x000000001f7c0000)]
  0x000000001aa31800 JavaThread "UrlChecker-2" daemon [_thread_blocked, id=9760, stack(0x000000001f1c0000,0x000000001f2c0000)]
  0x000000001b804800 JavaThread "Exec Stream Pumper" daemon [_thread_in_native, id=16352, stack(0x000000001f0c0000,0x000000001f1c0000)]
  0x000000001aa96000 JavaThread "Exec Stream Pumper" daemon [_thread_in_native, id=2792, stack(0x000000001efc0000,0x000000001f0c0000)]
  0x000000001c959000 JavaThread "Exec Default Executor" daemon [_thread_in_native, id=20316, stack(0x000000001c1b0000,0x000000001c2b0000)]
  0x000000001aa16800 JavaThread "ReaderThread" [_thread_in_native, id=5528, stack(0x000000001aee0000,0x000000001afe0000)]
  0x00000000199ad800 JavaThread "Service Thread" daemon [_thread_blocked, id=11456, stack(0x000000001a4e0000,0x000000001a5e0000)]
  0x0000000019929800 JavaThread "C1 CompilerThread3" daemon [_thread_blocked, id=14140, stack(0x000000001a3e0000,0x000000001a4e0000)]
  0x000000001991b800 JavaThread "C2 CompilerThread2" daemon [_thread_blocked, id=16260, stack(0x000000001a2e0000,0x000000001a3e0000)]
  0x0000000019912800 JavaThread "C2 CompilerThread1" daemon [_thread_blocked, id=6000, stack(0x000000001a1e0000,0x000000001a2e0000)]
  0x0000000019910800 JavaThread "C2 CompilerThread0" daemon [_thread_blocked, id=13276, stack(0x000000001a0e0000,0x000000001a1e0000)]
  0x000000001990d800 JavaThread "Attach Listener" daemon [_thread_blocked, id=20888, stack(0x0000000019fe0000,0x000000001a0e0000)]
  0x0000000017a2e800 JavaThread "Signal Dispatcher" daemon [_thread_blocked, id=8944, stack(0x0000000019ee0000,0x0000000019fe0000)]
  0x0000000019900800 JavaThread "Finalizer" daemon [_thread_blocked, id=17120, stack(0x0000000019ce0000,0x0000000019de0000)]
  0x0000000002aae000 JavaThread "Reference Handler" daemon [_thread_blocked, id=17212, stack(0x00000000197e0000,0x00000000198e0000)]
=>0x00000000029b5800 JavaThread "main" [_thread_in_Java, id=3032, stack(0x00000000028b0000,0x00000000029b0000)]

Other Threads:
  0x0000000017a18800 VMThread [stack: 0x00000000196e0000,0x00000000197e0000] [id=3776]
  0x0000000019a02000 WatcherThread [stack: 0x000000001a5e0000,0x000000001a6e0000] [id=17612]

VM state:not at safepoint (normal execution)

VM Mutex/Monitor currently owned by a thread: None

heap address: 0x0000000081e00000, size: 2018 MB, Compressed Oops mode: 32-bit
Narrow klass base: 0x0000000000000000, Narrow klass shift: 3
Compressed class space size: 1073741824 Address: 0x0000000100000000

Heap:
 PSYoungGen      total 459264K, used 142498K [0x00000000d5f80000, 0x0000000100000000, 0x0000000100000000)
  eden space 229888K, 61% used [0x00000000d5f80000,0x00000000deaa8878,0x00000000e4000000)
  from space 229376K, 0% used [0x00000000f2000000,0x00000000f2000000,0x0000000100000000)
  to   space 229376K, 0% used [0x00000000e4000000,0x00000000e4000000,0x00000000f2000000)
 ParOldGen       total 1377792K, used 373859K [0x0000000081e00000, 0x00000000d5f80000, 0x00000000d5f80000)
  object space 1377792K, 27% used [0x0000000081e00000,0x0000000098b18cf0,0x00000000d5f80000)
 Metaspace       used 26180K, capacity 26974K, committed 27264K, reserved 1073152K
  class space    used 3444K, capacity 3655K, committed 3712K, reserved 1048576K

Card table byte_map: [0x0000000011e70000,0x0000000012270000] byte_map_base: 0x0000000011a61000

Marking Bits: (ParMarkBitMap*) 0x000000006147af90
 Begin Bits: [0x0000000012d20000, 0x0000000014ca8000)
 End Bits:   [0x0000000014ca8000, 0x0000000016c30000)

Polling page: 0x0000000000e20000

CodeCache: size=245760Kb used=10830Kb max_used=10842Kb free=234929Kb
 bounds [0x0000000002ab0000, 0x0000000003560000, 0x0000000011ab0000]
 total_blobs=3401 nmethods=2960 adapters=353
 compilation: enabled

Compilation events (10 events):
Event: 50.148 Thread 0x0000000019929800 4044       1       java.util.Optional::empty (6 bytes)
Event: 50.149 Thread 0x0000000019929800 nmethod 4044 0x0000000002e511d0 code [0x0000000002e51320, 0x0000000002e51410]
Event: 50.149 Thread 0x0000000019929800 4045       3       java.util.TreeMap::rotateRight (96 bytes)
Event: 50.150 Thread 0x0000000019929800 nmethod 4045 0x0000000003553990 code [0x0000000003553b00, 0x0000000003553e50]
Event: 50.154 Thread 0x0000000019929800 4046       3       org.apache.xmlbeans.impl.store.Cur::toAttr (43 bytes)
Event: 50.155 Thread 0x0000000019929800 nmethod 4046 0x0000000003552d10 code [0x0000000003552ee0, 0x00000000035536e8]
Event: 50.155 Thread 0x0000000019929800 4047       3       org.apache.xmlbeans.impl.store.Cur::setValue (43 bytes)
Event: 50.155 Thread 0x0000000019929800 nmethod 4047 0x0000000003551850 code [0x0000000003551a80, 0x0000000003552898]
Event: 50.230 Thread 0x000000001991b800 4048       4       com.sun.org.apache.xerces.internal.dom.NamedNodeMapImpl::findNamePoint (108 bytes)
Event: 50.232 Thread 0x000000001991b800 nmethod 4048 0x00000000035510d0 code [0x0000000003551220, 0x00000000035515d8]

GC Heap History (10 events):
Event: 50.296 GC heap before
{Heap before GC invocations=135 (full 18):
 PSYoungGen      total 457216K, used 290848K [0x00000000d5f80000, 0x00000000ffe00000, 0x0000000100000000)
  eden space 229888K, 100% used [0x00000000d5f80000,0x00000000e4000000,0x00000000e4000000)
  from space 227328K, 26% used [0x00000000f2000000,0x00000000f5b88000,0x00000000ffe00000)
  to   space 228352K, 0% used [0x00000000e4000000,0x00000000e4000000,0x00000000f1f00000)
 ParOldGen       total 1377792K, used 830765K [0x0000000081e00000, 0x00000000d5f80000, 0x00000000d5f80000)
  object space 1377792K, 60% used [0x0000000081e00000,0x00000000b494b410,0x00000000d5f80000)
 Metaspace       used 26180K, capacity 26974K, committed 27264K, reserved 1073152K
  class space    used 3444K, capacity 3655K, committed 3712K, reserved 1048576K
Event: 50.340 GC heap after
Heap after GC invocations=135 (full 18):
 PSYoungGen      total 274944K, used 45021K [0x00000000d5f80000, 0x00000000ff600000, 0x0000000100000000)
  eden space 229888K, 0% used [0x00000000d5f80000,0x00000000d5f80000,0x00000000e4000000)
  from space 45056K, 99% used [0x00000000e4000000,0x00000000e6bf7760,0x00000000e6c00000)
  to   space 222720K, 0% used [0x00000000f1c80000,0x00000000f1c80000,0x00000000ff600000)
 ParOldGen       total 1377792K, used 891837K [0x0000000081e00000, 0x00000000d5f80000, 0x00000000d5f80000)
  object space 1377792K, 64% used [0x0000000081e00000,0x00000000b84ef410,0x00000000d5f80000)
 Metaspace       used 26180K, capacity 26974K, committed 27264K, reserved 1073152K
  class space    used 3444K, capacity 3655K, committed 3712K, reserved 1048576K
}
Event: 50.568 GC heap before
{Heap before GC invocations=136 (full 18):
 PSYoungGen      total 274944K, used 274909K [0x00000000d5f80000, 0x00000000ff600000, 0x0000000100000000)
  eden space 229888K, 100% used [0x00000000d5f80000,0x00000000e4000000,0x00000000e4000000)
  from space 45056K, 99% used [0x00000000e4000000,0x00000000e6bf7760,0x00000000e6c00000)
  to   space 222720K, 0% used [0x00000000f1c80000,0x00000000f1c80000,0x00000000ff600000)
 ParOldGen       total 1377792K, used 891837K [0x0000000081e00000, 0x00000000d5f80000, 0x00000000d5f80000)
  object space 1377792K, 64% used [0x0000000081e00000,0x00000000b84ef410,0x00000000d5f80000)
 Metaspace       used 26180K, capacity 26974K, committed 27264K, reserved 1073152K
  class space    used 3444K, capacity 3655K, committed 3712K, reserved 1048576K
Event: 50.604 GC heap after
Heap after GC invocations=136 (full 18):
 PSYoungGen      total 465408K, used 96830K [0x00000000d5f80000, 0x00000000ff900000, 0x0000000100000000)
  eden space 242688K, 0% used [0x00000000d5f80000,0x00000000d5f80000,0x00000000e4c80000)
  from space 222720K, 43% used [0x00000000f1c80000,0x00000000f7b0f988,0x00000000ff600000)
  to   space 212992K, 0% used [0x00000000e4c80000,0x00000000e4c80000,0x00000000f1c80000)
 ParOldGen       total 1377792K, used 959359K [0x0000000081e00000, 0x00000000d5f80000, 0x00000000d5f80000)
  object space 1377792K, 69% used [0x0000000081e00000,0x00000000bc6dfe08,0x00000000d5f80000)
 Metaspace       used 26180K, capacity 26974K, committed 27264K, reserved 1073152K
  class space    used 3444K, capacity 3655K, committed 3712K, reserved 1048576K
}
Event: 50.975 GC heap before
{Heap before GC invocations=137 (full 18):
 PSYoungGen      total 465408K, used 339518K [0x00000000d5f80000, 0x00000000ff900000, 0x0000000100000000)
  eden space 242688K, 100% used [0x00000000d5f80000,0x00000000e4c80000,0x00000000e4c80000)
  from space 222720K, 43% used [0x00000000f1c80000,0x00000000f7b0f988,0x00000000ff600000)
  to   space 212992K, 0% used [0x00000000e4c80000,0x00000000e4c80000,0x00000000f1c80000)
 ParOldGen       total 1377792K, used 959359K [0x0000000081e00000, 0x00000000d5f80000, 0x00000000d5f80000)
  object space 1377792K, 69% used [0x0000000081e00000,0x00000000bc6dfe08,0x00000000d5f80000)
 Metaspace       used 26180K, capacity 26974K, committed 27264K, reserved 1073152K
  class space    used 3444K, capacity 3655K, committed 3712K, reserved 1048576K
Event: 51.040 GC heap after
Heap after GC invocations=137 (full 18):
 PSYoungGen      total 455680K, used 190149K [0x00000000d5f80000, 0x0000000100000000, 0x0000000100000000)
  eden space 242688K, 0% used [0x00000000d5f80000,0x00000000d5f80000,0x00000000e4c80000)
  from space 212992K, 89% used [0x00000000e4c80000,0x00000000f0631580,0x00000000f1c80000)
  to   space 229376K, 0% used [0x00000000f2000000,0x00000000f2000000,0x0000000100000000)
 ParOldGen       total 1377792K, used 1059014K [0x0000000081e00000, 0x00000000d5f80000, 0x00000000d5f80000)
  object space 1377792K, 76% used [0x0000000081e00000,0x00000000c2831a30,0x00000000d5f80000)
 Metaspace       used 26180K, capacity 26974K, committed 27264K, reserved 1073152K
  class space    used 3444K, capacity 3655K, committed 3712K, reserved 1048576K
}
Event: 51.295 GC heap before
{Heap before GC invocations=138 (full 18):
 PSYoungGen      total 455680K, used 432837K [0x00000000d5f80000, 0x0000000100000000, 0x0000000100000000)
  eden space 242688K, 100% used [0x00000000d5f80000,0x00000000e4c80000,0x00000000e4c80000)
  from space 212992K, 89% used [0x00000000e4c80000,0x00000000f0631580,0x00000000f1c80000)
  to   space 229376K, 0% used [0x00000000f2000000,0x00000000f2000000,0x0000000100000000)
 ParOldGen       total 1377792K, used 1059014K [0x0000000081e00000, 0x00000000d5f80000, 0x00000000d5f80000)
  object space 1377792K, 76% used [0x0000000081e00000,0x00000000c2831a30,0x00000000d5f80000)
 Metaspace       used 26180K, capacity 26974K, committed 27264K, reserved 1073152K
  class space    used 3444K, capacity 3655K, committed 3712K, reserved 1048576K
Event: 51.381 GC heap after
Heap after GC invocations=138 (full 18):
 PSYoungGen      total 459264K, used 65344K [0x00000000d5f80000, 0x0000000100000000, 0x0000000100000000)
  eden space 229888K, 0% used [0x00000000d5f80000,0x00000000d5f80000,0x00000000e4000000)
  from space 229376K, 28% used [0x00000000f2000000,0x00000000f5fd0000,0x0000000100000000)
  to   space 229376K, 0% used [0x00000000e4000000,0x00000000e4000000,0x00000000f2000000)
 ParOldGen       total 1377792K, used 1254122K [0x0000000081e00000, 0x00000000d5f80000, 0x00000000d5f80000)
  object space 1377792K, 91% used [0x0000000081e00000,0x00000000ce6baaa0,0x00000000d5f80000)
 Metaspace       used 26180K, capacity 26974K, committed 27264K, reserved 1073152K
  class space    used 3444K, capacity 3655K, committed 3712K, reserved 1048576K
}
Event: 51.381 GC heap before
{Heap before GC invocations=139 (full 19):
 PSYoungGen      total 459264K, used 65344K [0x00000000d5f80000, 0x0000000100000000, 0x0000000100000000)
  eden space 229888K, 0% used [0x00000000d5f80000,0x00000000d5f80000,0x00000000e4000000)
  from space 229376K, 28% used [0x00000000f2000000,0x00000000f5fd0000,0x0000000100000000)
  to   space 229376K, 0% used [0x00000000e4000000,0x00000000e4000000,0x00000000f2000000)
 ParOldGen       total 1377792K, used 1254122K [0x0000000081e00000, 0x00000000d5f80000, 0x00000000d5f80000)
  object space 1377792K, 91% used [0x0000000081e00000,0x00000000ce6baaa0,0x00000000d5f80000)
 Metaspace       used 26180K, capacity 26974K, committed 27264K, reserved 1073152K
  class space    used 3444K, capacity 3655K, committed 3712K, reserved 1048576K
Event: 52.039 GC heap after
Heap after GC invocations=139 (full 19):
 PSYoungGen      total 459264K, used 0K [0x00000000d5f80000, 0x0000000100000000, 0x0000000100000000)
  eden space 229888K, 0% used [0x00000000d5f80000,0x00000000d5f80000,0x00000000e4000000)
  from space 229376K, 0% used [0x00000000f2000000,0x00000000f2000000,0x0000000100000000)
  to   space 229376K, 0% used [0x00000000e4000000,0x00000000e4000000,0x00000000f2000000)
 ParOldGen       total 1377792K, used 373859K [0x0000000081e00000, 0x00000000d5f80000, 0x00000000d5f80000)
  object space 1377792K, 27% used [0x0000000081e00000,0x0000000098b18cf0,0x00000000d5f80000)
 Metaspace       used 26180K, capacity 26974K, committed 27264K, reserved 1073152K
  class space    used 3444K, capacity 3655K, committed 3712K, reserved 1048576K
}

Deoptimization events (10 events):
Event: 13.123 Thread 0x00000000029b5800 Uncommon trap: reason=unstable_if action=reinterpret pc=0x0000000003418ea0 method=java.util.regex.Pattern.inRange(III)Z @ 7
Event: 13.133 Thread 0x00000000029b5800 Uncommon trap: reason=class_check action=maybe_recompile pc=0x0000000002fae5f4 method=java.util.HashSet.contains(Ljava/lang/Object;)Z @ 5
Event: 13.133 Thread 0x00000000029b5800 Uncommon trap: reason=class_check action=maybe_recompile pc=0x0000000002fae5f4 method=java.util.HashSet.contains(Ljava/lang/Object;)Z @ 5
Event: 21.071 Thread 0x00000000029b5800 Uncommon trap: reason=class_check action=maybe_recompile pc=0x000000000340e800 method=org.apache.xmlbeans.impl.store.Locale$ScrubBuffer.scrub(Ljava/lang/Object;II)V @ 25
Event: 37.231 Thread 0x00000000029b5800 Uncommon trap: reason=class_check action=maybe_recompile pc=0x0000000003434cec method=org.apache.xmlbeans.XmlOptions.get(Ljava/lang/Object;)Ljava/lang/Object; @ 5
Event: 37.231 Thread 0x00000000029b5800 Uncommon trap: reason=class_check action=maybe_recompile pc=0x0000000003434cec method=org.apache.xmlbeans.XmlOptions.get(Ljava/lang/Object;)Ljava/lang/Object; @ 5
Event: 38.722 Thread 0x00000000029b5800 Uncommon trap: reason=class_check action=maybe_recompile pc=0x0000000003434cec method=org.apache.xmlbeans.XmlOptions.get(Ljava/lang/Object;)Ljava/lang/Object; @ 5
Event: 38.722 Thread 0x00000000029b5800 Uncommon trap: reason=class_check action=maybe_recompile pc=0x0000000003434cec method=org.apache.xmlbeans.XmlOptions.get(Ljava/lang/Object;)Ljava/lang/Object; @ 5
Event: 41.027 Thread 0x00000000029b5800 Uncommon trap: reason=predicate action=maybe_recompile pc=0x00000000034fa078 method=org.apache.poi.openxml4j.opc.PackagePartName.compare(Ljava/lang/String;Ljava/lang/String;)I @ 71
Event: 48.588 Thread 0x00000000029b5800 Uncommon trap: reason=unstable_if action=reinterpret pc=0x0000000003223570 method=org.apache.xmlbeans.XmlOptions.maskNull(Lorg/apache/xmlbeans/XmlOptions;)Lorg/apache/xmlbeans/XmlOptions; @ 1

Classes redefined (0 events):
No events

Internal exceptions (10 events):
Event: 15.660 Thread 0x00000000029b5800 Exception <a 'java/net/SocketTimeoutException': Read timed out> (0x00000000dd29f6f8) thrown at [C:\jenkins\workspace\8-2-build-windows-amd64-cygwin\jdk8u251\737\hotspot\src\share\vm\prims\jni.cpp, line 736]
Event: 17.069 Thread 0x00000000029b5800 Exception <a 'java/net/SocketTimeoutException': Read timed out> (0x00000000dd2cb7e0) thrown at [C:\jenkins\workspace\8-2-build-windows-amd64-cygwin\jdk8u251\737\hotspot\src\share\vm\prims\jni.cpp, line 736]
Event: 19.578 Thread 0x00000000029b5800 Exception <a 'java/lang/NullPointerException'> (0x00000000dd2debb0) thrown at [C:\jenkins\workspace\8-2-build-windows-amd64-cygwin\jdk8u251\737\hotspot\src\share\vm\interpreter\linkResolver.cpp, line 1287]
Event: 19.578 Thread 0x00000000029b5800 Exception <a 'java/lang/reflect/InvocationTargetException'> (0x00000000dd2defa0) thrown at [C:\jenkins\workspace\8-2-build-windows-amd64-cygwin\jdk8u251\737\hotspot\src\share\vm\runtime\reflection.cpp, line 1092]
Event: 28.062 Thread 0x00000000029b5800 Exception <a 'java/lang/NullPointerException'> (0x00000000e2529728) thrown at [C:\jenkins\workspace\8-2-build-windows-amd64-cygwin\jdk8u251\737\hotspot\src\share\vm\interpreter\linkResolver.cpp, line 1287]
Event: 28.062 Thread 0x00000000029b5800 Exception <a 'java/lang/reflect/InvocationTargetException'> (0x00000000e2529b18) thrown at [C:\jenkins\workspace\8-2-build-windows-amd64-cygwin\jdk8u251\737\hotspot\src\share\vm\runtime\reflection.cpp, line 1092]
Event: 37.220 Thread 0x00000000029b5800 Exception <a 'java/lang/NullPointerException'> (0x00000000d8a43788) thrown at [C:\jenkins\workspace\8-2-build-windows-amd64-cygwin\jdk8u251\737\hotspot\src\share\vm\interpreter\linkResolver.cpp, line 1287]
Event: 37.220 Thread 0x00000000029b5800 Exception <a 'java/lang/reflect/InvocationTargetException'> (0x00000000d8a43b78) thrown at [C:\jenkins\workspace\8-2-build-windows-amd64-cygwin\jdk8u251\737\hotspot\src\share\vm\runtime\reflection.cpp, line 1092]
Event: 46.451 Thread 0x00000000029b5800 Exception <a 'java/lang/NullPointerException'> (0x00000000dca16cc8) thrown at [C:\jenkins\workspace\8-2-build-windows-amd64-cygwin\jdk8u251\737\hotspot\src\share\vm\interpreter\linkResolver.cpp, line 1287]
Event: 46.451 Thread 0x00000000029b5800 Exception <a 'java/lang/reflect/InvocationTargetException'> (0x00000000dca170b8) thrown at [C:\jenkins\workspace\8-2-build-windows-amd64-cygwin\jdk8u251\737\hotspot\src\share\vm\runtime\reflection.cpp, line 1092]

Events (10 events):
Event: 50.391 loading class org/apache/xerces/util/SecurityManager
Event: 50.391 loading class org/apache/xerces/util/SecurityManager done
Event: 50.392 loading class org/apache/xerces/util/SecurityManager
Event: 50.392 loading class org/apache/xerces/util/SecurityManager done
Event: 50.568 Executing VM operation: ParallelGCFailedAllocation
Event: 50.604 Executing VM operation: ParallelGCFailedAllocation done
Event: 50.975 Executing VM operation: ParallelGCFailedAllocation
Event: 51.040 Executing VM operation: ParallelGCFailedAllocation done
Event: 51.295 Executing VM operation: ParallelGCFailedAllocation
Event: 52.039 Executing VM operation: ParallelGCFailedAllocation done


Dynamic libraries:
0x00007ff642e00000 - 0x00007ff642e37000 	C:\Program Files\Java\jre1.8.0_251\bin\javaw.exe
0x00007fff2ae80000 - 0x00007fff2b070000 	C:\WINDOWS\SYSTEM32\ntdll.dll
0x00007fff299d0000 - 0x00007fff29a82000 	C:\WINDOWS\System32\KERNEL32.DLL
0x00007fff28760000 - 0x00007fff28a03000 	C:\WINDOWS\System32\KERNELBASE.dll
0x00007fff2ad90000 - 0x00007fff2ae33000 	C:\WINDOWS\System32\ADVAPI32.dll
0x00007fff290d0000 - 0x00007fff2916e000 	C:\WINDOWS\System32\msvcrt.dll
0x00007fff2a970000 - 0x00007fff2aa07000 	C:\WINDOWS\System32\sechost.dll
0x00007fff29e60000 - 0x00007fff29f80000 	C:\WINDOWS\System32\RPCRT4.dll
0x00007fff28f30000 - 0x00007fff290c4000 	C:\WINDOWS\System32\USER32.dll
0x00007fff28730000 - 0x00007fff28751000 	C:\WINDOWS\System32\win32u.dll
0x00007fff29c80000 - 0x00007fff29ca6000 	C:\WINDOWS\System32\GDI32.dll
0x00007fff28d40000 - 0x00007fff28ed4000 	C:\WINDOWS\System32\gdi32full.dll
0x00007fff28690000 - 0x00007fff2872e000 	C:\WINDOWS\System32\msvcp_win.dll
0x00007fff27e10000 - 0x00007fff27f0a000 	C:\WINDOWS\System32\ucrtbase.dll
0x00007fff125d0000 - 0x00007fff12855000 	C:\WINDOWS\WinSxS\amd64_microsoft.windows.common-controls_6595b64144ccf1df_6.0.18362.778_none_e6c6b761130d4fb8\COMCTL32.dll
0x00007fff2a060000 - 0x00007fff2a396000 	C:\WINDOWS\System32\combase.dll
0x00007fff28ac0000 - 0x00007fff28b40000 	C:\WINDOWS\System32\bcryptPrimitives.dll
0x00007fff298e0000 - 0x00007fff2990e000 	C:\WINDOWS\System32\IMM32.DLL
0x00000000608f0000 - 0x00000000609c2000 	C:\Program Files\Java\jre1.8.0_251\bin\msvcr100.dll
0x0000000060c50000 - 0x00000000614fb000 	C:\Program Files\Java\jre1.8.0_251\bin\server\jvm.dll
0x00007fff2a400000 - 0x00007fff2a408000 	C:\WINDOWS\System32\PSAPI.DLL
0x00007ffefe6e0000 - 0x00007ffefe6e9000 	C:\WINDOWS\SYSTEM32\WSOCK32.dll
0x00007fff24a00000 - 0x00007fff24a24000 	C:\WINDOWS\SYSTEM32\WINMM.dll
0x00007fff1afb0000 - 0x00007fff1afba000 	C:\WINDOWS\SYSTEM32\VERSION.dll
0x00007fff29f80000 - 0x00007fff29fef000 	C:\WINDOWS\System32\WS2_32.dll
0x00007fff249d0000 - 0x00007fff249fd000 	C:\WINDOWS\SYSTEM32\WINMMBASE.dll
0x00007fff28a70000 - 0x00007fff28aba000 	C:\WINDOWS\System32\cfgmgr32.dll
0x00007fff24860000 - 0x00007fff2486f000 	C:\Program Files\Java\jre1.8.0_251\bin\verify.dll
0x00007fff17510000 - 0x00007fff17539000 	C:\Program Files\Java\jre1.8.0_251\bin\java.dll
0x00007fff0be30000 - 0x00007fff0be46000 	C:\Program Files\Java\jre1.8.0_251\bin\zip.dll
0x00007fff29170000 - 0x00007fff29855000 	C:\WINDOWS\System32\SHELL32.dll
0x00007fff29a90000 - 0x00007fff29b39000 	C:\WINDOWS\System32\shcore.dll
0x00007fff27f10000 - 0x00007fff28690000 	C:\WINDOWS\System32\windows.storage.dll
0x00007fff27dc0000 - 0x00007fff27de3000 	C:\WINDOWS\System32\profapi.dll
0x00007fff27d70000 - 0x00007fff27dba000 	C:\WINDOWS\System32\powrprof.dll
0x00007fff27d40000 - 0x00007fff27d50000 	C:\WINDOWS\System32\UMPDC.dll
0x00007fff2abd0000 - 0x00007fff2ac22000 	C:\WINDOWS\System32\shlwapi.dll
0x00007fff27d50000 - 0x00007fff27d61000 	C:\WINDOWS\System32\kernel.appcore.dll
0x00007fff28ee0000 - 0x00007fff28ef7000 	C:\WINDOWS\System32\cryptsp.dll
0x00007fff0b7c0000 - 0x00007fff0b7da000 	C:\Program Files\Java\jre1.8.0_251\bin\net.dll
0x00007fff27550000 - 0x00007fff275b7000 	C:\WINDOWS\system32\mswsock.dll
0x00007ffefe5f0000 - 0x00007ffefe614000 	C:\Program Files\Java\jre1.8.0_251\bin\sunec.dll
0x00007fff27260000 - 0x00007fff2729a000 	C:\WINDOWS\SYSTEM32\IPHLPAPI.DLL
0x00007fff299c0000 - 0x00007fff299c8000 	C:\WINDOWS\System32\NSI.dll
0x00007fff1aec0000 - 0x00007fff1aed6000 	C:\WINDOWS\SYSTEM32\dhcpcsvc6.DLL
0x00007fff1af00000 - 0x00007fff1af1c000 	C:\WINDOWS\SYSTEM32\dhcpcsvc.DLL
0x00007fff272b0000 - 0x00007fff2737a000 	C:\WINDOWS\SYSTEM32\DNSAPI.dll
0x00007fff0b7a0000 - 0x00007fff0b7b2000 	C:\Program Files\Java\jre1.8.0_251\bin\nio.dll
0x00007fff270c0000 - 0x00007fff270f3000 	C:\WINDOWS\system32\rsaenh.dll
0x00007fff28f00000 - 0x00007fff28f26000 	C:\WINDOWS\System32\bcrypt.dll
0x00007fff27c30000 - 0x00007fff27c55000 	C:\WINDOWS\SYSTEM32\USERENV.dll
0x00007fff27720000 - 0x00007fff2772c000 	C:\WINDOWS\SYSTEM32\CRYPTBASE.dll
0x00007fff19960000 - 0x00007fff1996a000 	C:\Windows\System32\rasadhlp.dll
0x00007fff1acd0000 - 0x00007fff1ad47000 	C:\WINDOWS\System32\fwpuclnt.dll
0x00007fff17500000 - 0x00007fff1750c000 	C:\Program Files\Java\jre1.8.0_251\bin\sunmscapi.dll
0x00007fff28bf0000 - 0x00007fff28d39000 	C:\WINDOWS\System32\CRYPT32.dll
0x00007fff27df0000 - 0x00007fff27e02000 	C:\WINDOWS\System32\MSASN1.dll
0x00007fff27820000 - 0x00007fff27846000 	C:\WINDOWS\SYSTEM32\ncrypt.dll
0x00007fff277e0000 - 0x00007fff2781b000 	C:\WINDOWS\SYSTEM32\NTASN1.dll

VM Arguments:
jvm_args: -ea -Dfile.encoding=Cp1252 
java_command: org.eclipse.jdt.internal.junit.runner.RemoteTestRunner -version 3 -port 56485 -testLoaderClass org.eclipse.jdt.internal.junit4.runner.JUnit4TestLoader -loaderpluginname org.eclipse.jdt.junit4.runtime -classNames Com.Pathway.TestRunner.TestRunner
java_class_path (initial): C:\Users\saiku\git\Pathway\Pathway_Automationscript\target\test-classes;C:\Users\saiku\git\Pathway\Pathway_Automationscript\target\classes;C:\Users\saiku\.m2\repository\org\seleniumhq\selenium\selenium-java\3.14.0\selenium-java-3.14.0.jar;C:\Users\saiku\.m2\repository\org\seleniumhq\selenium\selenium-api\3.14.0\selenium-api-3.14.0.jar;C:\Users\saiku\.m2\repository\org\seleniumhq\selenium\selenium-chrome-driver\3.14.0\selenium-chrome-driver-3.14.0.jar;C:\Users\saiku\.m2\repository\org\seleniumhq\selenium\selenium-edge-driver\3.14.0\selenium-edge-driver-3.14.0.jar;C:\Users\saiku\.m2\repository\org\seleniumhq\selenium\selenium-firefox-driver\3.14.0\selenium-firefox-driver-3.14.0.jar;C:\Users\saiku\.m2\repository\org\seleniumhq\selenium\selenium-ie-driver\3.14.0\selenium-ie-driver-3.14.0.jar;C:\Users\saiku\.m2\repository\org\seleniumhq\selenium\selenium-opera-driver\3.14.0\selenium-opera-driver-3.14.0.jar;C:\Users\saiku\.m2\repository\org\seleniumhq\selenium\selenium-remote-driver\3.14.0\selenium-remote-driver-3.14.0.jar;C:\Users\saiku\.m2\repository\org\seleniumhq\selenium\selenium-safari-driver\3.14.0\selenium-safari-driver-3.14.0.jar;C:\Users\saiku\.m2\repository\org\seleniumhq\selenium\selenium-support\3.14.0\selenium-support-3.14.0.jar;C:\Users\saiku\.m2\repository\net\bytebuddy\byte-buddy\1.8.15\byte-buddy-1.8.15.jar;C:\Users\saiku\.m2\repository\org\apache\commons\commons-exec\1.3\commons-exec-1.3.jar;C:\Users\saiku\.m2\repository\commons-codec\commons-codec\1.10\commons-codec-1.10.jar;C:\Users\saiku\.m2\repository\commons-logging\commons-logging\1.2\commons-logging-1.2.jar;C:\Users\saiku\.m2\repository\com\google\guava\guava\25.0-jre\guava-25.0-jre.jar;C:\Users\saiku\.m2\repository\com\google\code\findbugs\jsr305\1.3.9\jsr305-1.3.9.jar;C:\Users\saiku\.m2\repository\org\checkerframework\checker-compat-qual\2.0.0\checker-compat-qual-2.0.0.jar;C:\Users\saiku\.m2\repository\com\google\errorprone\error_prone_annotations\2.1.3\error_prone_
Launcher Type: SUN_STANDARD

Environment Variables:
PATH=C:/Program Files/Java/jre1.8.0_251/bin/server;C:/Program Files/Java/jre1.8.0_251/bin;C:/Program Files/Java/jre1.8.0_251/lib/amd64;C:\Program Files (x86)\Common Files\Oracle\Java\javapath;C:\WINDOWS\system32;C:\WINDOWS;C:\WINDOWS\System32\Wbem;C:\WINDOWS\System32\WindowsPowerShell\v1.0\;C:\WINDOWS\System32\OpenSSH\;C:\Program Files\Java\jdk1.8.0_251\bin;C:\Users\saiku\AppData\Local\Microsoft\WindowsApps;;C:\WINDOWS\System32;
USERNAME=saiku
OS=Windows_NT
PROCESSOR_IDENTIFIER=Intel64 Family 6 Model 142 Stepping 11, GenuineIntel



---------------  S Y S T E M  ---------------

OS: Windows 10.0 , 64 bit Build 18362 (10.0.18362.778)

CPU:total 8 (initial active 8) (4 cores per cpu, 2 threads per core) family 6 model 142 stepping 11, cmov, cx8, fxsr, mmx, sse, sse2, sse3, ssse3, sse4.1, sse4.2, popcnt, avx, avx2, aes, clmul, erms, 3dnowpref, lzcnt, ht, tsc, tscinvbit, bmi1, bmi2, adx

Memory: 4k page, physical 8264948k(834272k free), swap 11269836k(1292492k free)

vm_info: Java HotSpot(TM) 64-Bit Server VM (25.251-b08) for windows-amd64 JRE (1.8.0_251-b08), built on Mar 12 2020 06:31:49 by "" with MS VC++ 10.0 (VS2010)

time: Tue May 12 14:30:34 2020
timezone: India Standard Time
elapsed time: 52 seconds (0d 0h 0m 52s)

